Log file open, 01/17/18 13:08:23
LogWindows: Failed to load 'aqProf.dll' (GetLastError=126)
LogWindows: File 'aqProf.dll' does not exist
LogWindows: Failed to load 'VSPerf140.dll' (GetLastError=126)
LogWindows: File 'VSPerf140.dll' does not exist
LogWindows: Failed to load 'VtuneApi.dll' (GetLastError=126)
LogWindows: File 'VtuneApi.dll' does not exist
LogWindows: Failed to load 'VtuneApi32e.dll' (GetLastError=126)
LogWindows: File 'VtuneApi32e.dll' does not exist
LogInit: Display: Running engine for game: SaseTeam
LogPlatformFile: Not using cached read wrapper
LogInit: Display: RandInit(1984515902) SRandInit(1984515902).
LogInit: Read version file with build ID '3709383'
LogInit: Overriding engine version to CL 3794801, compatible CL 3709383
LogInit: Registered custom module enumerator with build ID '3709383'
LogTaskGraph: Started task graph with 5 named threads and 14 total threads with 3 sets of task threads.
LogStats: Stats thread started at 0.198721
LogD3D11RHI: Aftermath initialized
LogModuleManager: Display: Found up-to-date module file ../../../Engine/Plugins/Experimental/SimpleHMD/Binaries/Win64/UE4Editor-SimpleHMD.dll (API version 3709383).
LogModuleManager: Display: Found up-to-date module file ../../../Engine/Plugins/Runtime/GoogleVR/GoogleVRHMD/Binaries/Win64/UE4Editor-GoogleVRHMD.dll (API version 3709383).
LogModuleManager: Display: Found up-to-date module file ../../../Engine/Plugins/Experimental/OSVR/Binaries/Win64/UE4Editor-OSVR.dll (API version 3709383).
LogModuleManager: Display: Found up-to-date module file ../../../Engine/Plugins/Experimental/OSVR/Binaries/Win64/UE4Editor-OSVRInput.dll (API version 3709383).
LogModuleManager: Display: Found up-to-date module file ../../../Engine/Plugins/2D/Paper2D/Binaries/Win64/UE4Editor-Paper2D.dll (API version 3709383).
LogModuleManager: Display: Found up-to-date module file ../../../Engine/Plugins/2D/Paper2D/Binaries/Win64/UE4Editor-Paper2DEditor.dll (API version 3709383).
LogModuleManager: Display: Found up-to-date module file ../../../Engine/Plugins/2D/Paper2D/Binaries/Win64/UE4Editor-PaperSpriteSheetImporter.dll (API version 3709383).
LogModuleManager: Display: Found up-to-date module file ../../../Engine/Plugins/2D/Paper2D/Binaries/Win64/UE4Editor-PaperTiledImporter.dll (API version 3709383).
LogModuleManager: Display: Found up-to-date module file ../../../Engine/Plugins/2D/Paper2D/Binaries/Win64/UE4Editor-SmartSnapping.dll (API version 3709383).
LogModuleManager: Display: Found up-to-date module file ../../../Engine/Plugins/Blendables/LightPropagationVolume/Binaries/Win64/UE4Editor-LightPropagationVolumeRuntime.dll (API version 3709383).
LogModuleManager: Display: Found up-to-date module file ../../../Engine/Plugins/Blendables/LightPropagationVolume/Binaries/Win64/UE4Editor-LightPropagationVolumeEditor.dll (API version 3709383).
LogModuleManager: Display: Found up-to-date module file ../../../Engine/Plugins/Developer/GitSourceControl/Binaries/Win64/UE4Editor-GitSourceControl.dll (API version 3709383).
LogModuleManager: Display: Found up-to-date module file ../../../Engine/Plugins/Developer/PerforceSourceControl/Binaries/Win64/UE4Editor-PerforceSourceControl.dll (API version 3709383).
LogModuleManager: Display: Found up-to-date module file ../../../Engine/Plugins/Developer/SubversionSourceControl/Binaries/Win64/UE4Editor-SubversionSourceControl.dll (API version 3709383).
LogModuleManager: Display: Found up-to-date module file ../../../Engine/Plugins/Developer/UObjectPlugin/Binaries/Win64/UE4Editor-UObjectPlugin.dll (API version 3709383).
LogModuleManager: Display: Found up-to-date module file ../../../Engine/Plugins/Developer/VisualStudioCodeSourceCodeAccess/Binaries/Win64/UE4Editor-VisualStudioCodeSourceCodeAccess.dll (API version 3709383).
LogModuleManager: Display: Found up-to-date module file ../../../Engine/Plugins/Developer/VisualStudioSourceCodeAccess/Binaries/Win64/UE4Editor-VisualStudioSourceCodeAccess.dll (API version 3709383).
LogModuleManager: Display: Found up-to-date module file ../../../Engine/Plugins/Editor/AssetManagerEditor/Binaries/Win64/UE4Editor-AssetManagerEditor.dll (API version 3709383).
LogModuleManager: Display: Found up-to-date module file ../../../Engine/Plugins/Editor/AudioCapture/Binaries/Win64/UE4Editor-AudioCapture.dll (API version 3709383).
LogModuleManager: Display: Found up-to-date module file ../../../Engine/Plugins/Editor/FacialAnimation/Binaries/Win64/UE4Editor-FacialAnimation.dll (API version 3709383).
LogModuleManager: Display: Found up-to-date module file ../../../Engine/Plugins/Editor/FacialAnimation/Binaries/Win64/UE4Editor-FacialAnimationEditor.dll (API version 3709383).
LogModuleManager: Display: Found up-to-date module file ../../../Engine/Plugins/Editor/GameplayTagsEditor/Binaries/Win64/UE4Editor-GameplayTagsEditor.dll (API version 3709383).
LogModuleManager: Display: Found up-to-date module file ../../../Engine/Plugins/Editor/MobileLauncherProfileWizard/Binaries/Win64/UE4Editor-MobileLauncherProfileWizard.dll (API version 3709383).
LogModuleManager: Display: Found up-to-date module file ../../../Engine/Plugins/Editor/PluginBrowser/Binaries/Win64/UE4Editor-PluginBrowser.dll (API version 3709383).
LogModuleManager: Display: Found up-to-date module file ../../../Engine/Plugins/Editor/SpeedTreeImporter/Binaries/Win64/UE4Editor-SpeedTreeImporter.dll (API version 3709383).
LogModuleManager: Display: Found up-to-date module file ../../../Engine/Plugins/Experimental/AlembicImporter/Binaries/Win64/UE4Editor-AlembicImporter.dll (API version 3709383).
LogModuleManager: Display: Found up-to-date module file ../../../Engine/Plugins/Experimental/AlembicImporter/Binaries/Win64/UE4Editor-AlembicLibrary.dll (API version 3709383).
LogModuleManager: Display: Found up-to-date module file ../../../Engine/Plugins/Experimental/CharacterAI/Binaries/Win64/UE4Editor-CharacterAI.dll (API version 3709383).
LogModuleManager: Display: Found up-to-date module file ../../../Engine/Plugins/Experimental/HTML5Networking/Binaries/Win64/UE4Editor-HTML5Networking.dll (API version 3709383).
LogModuleManager: Display: Found up-to-date module file ../../../Engine/Plugins/Media/AndroidMedia/Binaries/Win64/UE4Editor-AndroidMediaEditor.dll (API version 3709383).
LogModuleManager: Display: Found up-to-date module file ../../../Engine/Plugins/Media/AndroidMedia/Binaries/Win64/UE4Editor-AndroidMediaFactory.dll (API version 3709383).
LogModuleManager: Display: Found up-to-date module file ../../../Engine/Plugins/Media/AvfMedia/Binaries/Win64/UE4Editor-AvfMediaEditor.dll (API version 3709383).
LogModuleManager: Display: Found up-to-date module file ../../../Engine/Plugins/Media/AvfMedia/Binaries/Win64/UE4Editor-AvfMediaFactory.dll (API version 3709383).
LogModuleManager: Display: Found up-to-date module file ../../../Engine/Plugins/Media/AvfMedia/Binaries/Win64/UE4Editor-AvfMediaFactory.dll (API version 3709383).
LogModuleManager: Display: Found up-to-date module file ../../../Engine/Plugins/Media/ImgMedia/Binaries/Win64/UE4Editor-ImgMedia.dll (API version 3709383).
LogModuleManager: Display: Found up-to-date module file ../../../Engine/Plugins/Media/ImgMedia/Binaries/Win64/UE4Editor-ImgMediaEditor.dll (API version 3709383).
LogModuleManager: Display: Found up-to-date module file ../../../Engine/Plugins/Media/ImgMedia/Binaries/Win64/UE4Editor-ImgMediaFactory.dll (API version 3709383).
LogModuleManager: Display: Found up-to-date module file ../../../Engine/Plugins/Media/ImgMedia/Binaries/Win64/UE4Editor-ImgMediaFactory.dll (API version 3709383).
LogModuleManager: Display: Found up-to-date module file ../../../Engine/Plugins/Media/ImgMedia/Binaries/Win64/UE4Editor-OpenExrWrapper.dll (API version 3709383).
LogModuleManager: Display: Found up-to-date module file ../../../Engine/Plugins/Media/MediaCompositing/Binaries/Win64/UE4Editor-MediaCompositing.dll (API version 3709383).
LogModuleManager: Display: Found up-to-date module file ../../../Engine/Plugins/Media/MediaCompositing/Binaries/Win64/UE4Editor-MediaCompositingEditor.dll (API version 3709383).
LogModuleManager: Display: Found up-to-date module file ../../../Engine/Plugins/Media/MediaPlayerEditor/Binaries/Win64/UE4Editor-MediaPlayerEditor.dll (API version 3709383).
LogModuleManager: Display: Found up-to-date module file ../../../Engine/Plugins/Media/WmfMedia/Binaries/Win64/UE4Editor-WmfMedia.dll (API version 3709383).
LogModuleManager: Display: Found up-to-date module file ../../../Engine/Plugins/Media/WmfMedia/Binaries/Win64/UE4Editor-WmfMediaEditor.dll (API version 3709383).
LogModuleManager: Display: Found up-to-date module file ../../../Engine/Plugins/Media/WmfMedia/Binaries/Win64/UE4Editor-WmfMediaFactory.dll (API version 3709383).
LogModuleManager: Display: Found up-to-date module file ../../../Engine/Plugins/Media/WmfMedia/Binaries/Win64/UE4Editor-WmfMediaFactory.dll (API version 3709383).
LogModuleManager: Display: Found up-to-date module file ../../../Engine/Plugins/Messaging/TcpMessaging/Binaries/Win64/UE4Editor-TcpMessaging.dll (API version 3709383).
LogModuleManager: Display: Found up-to-date module file ../../../Engine/Plugins/Messaging/UdpMessaging/Binaries/Win64/UE4Editor-UdpMessaging.dll (API version 3709383).
LogModuleManager: Display: Found up-to-date module file ../../../Engine/Plugins/MovieScene/ActorSequence/Binaries/Win64/UE4Editor-ActorSequence.dll (API version 3709383).
LogModuleManager: Display: Found up-to-date module file ../../../Engine/Plugins/MovieScene/LevelSequenceEditor/Binaries/Win64/UE4Editor-LevelSequenceEditor.dll (API version 3709383).
LogModuleManager: Display: Found up-to-date module file ../../../Engine/Plugins/MovieScene/MatineeToLevelSequence/Binaries/Win64/UE4Editor-MatineeToLevelSequence.dll (API version 3709383).
LogModuleManager: Display: Found up-to-date module file ../../../Engine/Plugins/Online/OnlineSubsystem/Binaries/Win64/UE4Editor-OnlineSubsystem.dll (API version 3709383).
LogModuleManager: Display: Found up-to-date module file ../../../Engine/Plugins/Runtime/AndroidPermission/Binaries/Win64/UE4Editor-AndroidPermission.dll (API version 3709383).
LogModuleManager: Display: Found up-to-date module file ../../../Engine/Plugins/Online/OnlineSubsystemNull/Binaries/Win64/UE4Editor-OnlineSubsystemNull.dll (API version 3709383).
LogModuleManager: Display: Found up-to-date module file ../../../Engine/Plugins/Online/OnlineSubsystemUtils/Binaries/Win64/UE4Editor-OnlineSubsystemUtils.dll (API version 3709383).
LogModuleManager: Display: Found up-to-date module file ../../../Engine/Plugins/Online/OnlineSubsystemUtils/Binaries/Win64/UE4Editor-OnlineBlueprintSupport.dll (API version 3709383).
LogModuleManager: Display: Found up-to-date module file ../../../Engine/Plugins/Runtime/AndroidDeviceProfileSelector/Binaries/Win64/UE4Editor-AndroidDeviceProfileSelector.dll (API version 3709383).
LogModuleManager: Display: Found up-to-date module file ../../../Engine/Plugins/Runtime/AppleARKit/Binaries/Win64/UE4Editor-AppleARKit.dll (API version 3709383).
LogModuleManager: Display: Found up-to-date module file ../../../Engine/Plugins/Runtime/ArchVisCharacter/Binaries/Win64/UE4Editor-ArchVisCharacter.dll (API version 3709383).
LogModuleManager: Display: Found up-to-date module file ../../../Engine/Plugins/Runtime/CableComponent/Binaries/Win64/UE4Editor-CableComponent.dll (API version 3709383).
LogModuleManager: Display: Found up-to-date module file ../../../Engine/Plugins/Runtime/CustomMeshComponent/Binaries/Win64/UE4Editor-CustomMeshComponent.dll (API version 3709383).
LogModuleManager: Display: Found up-to-date module file ../../../Engine/Plugins/Runtime/ExampleDeviceProfileSelector/Binaries/Win64/UE4Editor-ExampleDeviceProfileSelector.dll (API version 3709383).
LogModuleManager: Display: Found up-to-date module file ../../../Engine/Plugins/Runtime/ImmediatePhysics/Binaries/Win64/UE4Editor-ImmediatePhysics.dll (API version 3709383).
LogModuleManager: Display: Found up-to-date module file ../../../Engine/Plugins/Runtime/ImmediatePhysics/Binaries/Win64/UE4Editor-ImmediatePhysicsEditor.dll (API version 3709383).
LogModuleManager: Display: Found up-to-date module file ../../../Engine/Plugins/Runtime/LocationServicesBPLibrary/Binaries/Win64/UE4Editor-LocationServicesBPLibrary.dll (API version 3709383).
LogModuleManager: Display: Found up-to-date module file ../../../Engine/Plugins/Runtime/MobilePatchingUtils/Binaries/Win64/UE4Editor-MobilePatchingUtils.dll (API version 3709383).
LogModuleManager: Display: Found up-to-date module file ../../../Engine/Plugins/Runtime/Oculus/OculusVR/Binaries/Win64/UE4Editor-OculusHMD.dll (API version 3709383).
LogModuleManager: Display: Found up-to-date module file ../../../Engine/Plugins/Runtime/Oculus/OculusVR/Binaries/Win64/UE4Editor-OculusInput.dll (API version 3709383).
LogModuleManager: Display: Found up-to-date module file ../../../Engine/Plugins/Runtime/Oculus/OculusVR/Binaries/Win64/UE4Editor-OculusEditor.dll (API version 3709383).
LogModuleManager: Display: Found up-to-date module file ../../../Engine/Plugins/Runtime/PhysXVehicles/Binaries/Win64/UE4Editor-PhysXVehicles.dll (API version 3709383).
LogModuleManager: Display: Found up-to-date module file ../../../Engine/Plugins/Runtime/PhysXVehicles/Binaries/Win64/UE4Editor-PhysXVehiclesEditor.dll (API version 3709383).
LogModuleManager: Display: Found up-to-date module file ../../../Engine/Plugins/Runtime/ProceduralMeshComponent/Binaries/Win64/UE4Editor-ProceduralMeshComponent.dll (API version 3709383).
LogModuleManager: Display: Found up-to-date module file ../../../Engine/Plugins/Runtime/ProceduralMeshComponent/Binaries/Win64/UE4Editor-ProceduralMeshComponentEditor.dll (API version 3709383).
LogModuleManager: Display: Found up-to-date module file ../../../Engine/Plugins/Runtime/RuntimePhysXCooking/Binaries/Win64/UE4Editor-RuntimePhysXCooking.dll (API version 3709383).
LogModuleManager: Display: Found up-to-date module file ../../../Engine/Plugins/Runtime/Steam/SteamVR/Binaries/Win64/UE4Editor-SteamVR.dll (API version 3709383).
LogModuleManager: Display: Found up-to-date module file ../../../Engine/Plugins/Runtime/Steam/SteamVR/Binaries/Win64/UE4Editor-SteamVRController.dll (API version 3709383).
LogModuleManager: Display: Found up-to-date module file ../../../Engine/Plugins/Runtime/WindowsMoviePlayer/Binaries/Win64/UE4Editor-WindowsMoviePlayer.dll (API version 3709383).
LogPluginManager: Mounting plugin Paper2D
LogPluginManager: Mounting plugin LightPropagationVolume
LogPluginManager: Mounting plugin CodeLiteSourceCodeAccess
LogPluginManager: Mounting plugin GitSourceControl
LogPluginManager: Mounting plugin KDevelopSourceCodeAccess
LogPluginManager: Mounting plugin NullSourceCodeAccess
LogPluginManager: Mounting plugin PerforceSourceControl
LogPluginManager: Mounting plugin SubversionSourceControl
LogPluginManager: Mounting plugin UObjectPlugin
LogPluginManager: Mounting plugin VisualStudioCodeSourceCodeAccess
LogPluginManager: Mounting plugin VisualStudioSourceCodeAccess
LogPluginManager: Mounting plugin XCodeSourceCodeAccess
LogPluginManager: Mounting plugin AssetManagerEditor
LogPluginManager: Mounting plugin AudioCapture
LogPluginManager: Mounting plugin FacialAnimation
LogPluginManager: Mounting plugin GameplayTagsEditor
LogPluginManager: Mounting plugin MobileLauncherProfileWizard
LogPluginManager: Mounting plugin PluginBrowser
LogPluginManager: Mounting plugin SpeedTreeImporter
LogPluginManager: Mounting plugin AlembicImporter
LogPluginManager: Mounting plugin CharacterAI
LogPluginManager: Mounting plugin HTML5Networking
LogPluginManager: Mounting plugin OSVR
LogPluginManager: Mounting plugin SimpleHMD
LogPluginManager: Mounting plugin AndroidMedia
LogPluginManager: Mounting plugin AvfMedia
LogPluginManager: Mounting plugin ImgMedia
LogPluginManager: Mounting plugin MediaCompositing
LogPluginManager: Mounting plugin MediaPlayerEditor
LogPluginManager: Mounting plugin WmfMedia
LogPluginManager: Mounting plugin TcpMessaging
LogPluginManager: Mounting plugin UdpMessaging
LogPluginManager: Mounting plugin ActorSequence
LogPluginManager: Mounting plugin LevelSequenceEditor
LogPluginManager: Mounting plugin MatineeToLevelSequence
LogPluginManager: Mounting plugin OnlineSubsystemGooglePlay
LogPluginManager: Mounting plugin OnlineSubsystemIOS
LogPluginManager: Mounting plugin OnlineSubsystem
LogPluginManager: Mounting plugin OnlineSubsystemNull
LogPluginManager: Mounting plugin OnlineSubsystemUtils
LogPluginManager: Mounting plugin AndroidDeviceProfileSelector
LogPluginManager: Mounting plugin AndroidMoviePlayer
LogPluginManager: Mounting plugin AndroidPermission
LogPluginManager: Mounting plugin AppleARKit
LogPluginManager: Mounting plugin AppleMoviePlayer
LogPluginManager: Mounting plugin ArchVisCharacter
LogPluginManager: Mounting plugin CableComponent
LogPluginManager: Mounting plugin CustomMeshComponent
LogPluginManager: Mounting plugin ExampleDeviceProfileSelector
LogPluginManager: Mounting plugin GoogleCloudMessaging
LogPluginManager: Mounting plugin GoogleVRHMD
LogPluginManager: Mounting plugin ImmediatePhysics
LogPluginManager: Mounting plugin IOSDeviceProfileSelector
LogPluginManager: Mounting plugin LinuxDeviceProfileSelector
LogPluginManager: Mounting plugin LocationServicesBPLibrary
LogPluginManager: Mounting plugin MobilePatchingUtils
LogPluginManager: Mounting plugin OculusVR
LogPluginManager: Plugin shader directory ../../../Engine/Plugins/Runtime/Oculus/OculusVR/Shaders found
LogPluginManager: Mapping shader source directory ../../../Engine/Plugins/Runtime/Oculus/OculusVR/Shaders to virtual directory /Plugin/OculusVR
LogPluginManager: Mounting plugin PhysXVehicles
LogPluginManager: Mounting plugin ProceduralMeshComponent
LogPluginManager: Mounting plugin RuntimePhysXCooking
LogPluginManager: Mounting plugin SteamVR
LogPluginManager: Mounting plugin WindowsMoviePlayer
LogInit: Using libcurl 7.47.1
LogInit:  - built for x86_64-pc-win32
LogInit:  - supports SSL with OpenSSL/1.0.2g
LogInit:  - supports HTTP deflate (compression) using libz 1.2.8
LogInit:  - other features:
LogInit:      CURL_VERSION_SSL
LogInit:      CURL_VERSION_LIBZ
LogInit:      CURL_VERSION_IPV6
LogInit:      CURL_VERSION_ASYNCHDNS
LogInit:      CURL_VERSION_LARGEFILE
LogInit:      CURL_VERSION_IDN
LogInit:  CurlRequestOptions (configurable via config and command line):
LogInit:  - bVerifyPeer = false  - Libcurl will NOT verify peer certificate
LogInit:  - bUseHttpProxy = false  - Libcurl will NOT use HTTP proxy
LogInit:  - bDontReuseConnections = false  - Libcurl will reuse connections
LogInit:  - CertBundlePath = nullptr  - Libcurl will use whatever was configured at build time.
LogInit: Build: ++UE4+Release-4.18-CL-3794801
LogInit: Engine Version: 4.18.2-3794801+++UE4+Release-4.18
LogInit: Compatible Engine Version: 4.18.0-3709383+++UE4+Release-4.18
LogInit: Net CL: 3709383
LogDevObjectVersion: Number of dev versions registered: 16
LogDevObjectVersion:   Dev-Blueprints (B0D832E4-1F89-4F0D-ACCF-7EB736FD4AA2): 10
LogDevObjectVersion:   Dev-Build (E1C64328-A22C-4D53-A36C-8E866417BD8C): 0
LogDevObjectVersion:   Dev-Core (375EC13C-06E4-48FB-B500-84F0262A717E): 2
LogDevObjectVersion:   Dev-Editor (E4B068ED-F494-42E9-A231-DA0B2E46BB41): 20
LogDevObjectVersion:   Dev-Framework (CFFC743F-43B0-4480-9391-14DF171D2073): 30
LogDevObjectVersion:   Dev-Mobile (B02B49B5-BB20-44E9-A304-32B752E40360): 0
LogDevObjectVersion:   Dev-Networking (A4E4105C-59A1-49B5-A7C5-40C4547EDFEE): 0
LogDevObjectVersion:   Dev-Online (39C831C9-5AE6-47DC-9A44-9C173E1C8E7C): 0
LogDevObjectVersion:   Dev-Physics (78F01B33-EBEA-4F98-B9B4-84EACCB95AA2): 0
LogDevObjectVersion:   Dev-Platform (6631380F-2D4D-43E0-8009-CF276956A95A): 0
LogDevObjectVersion:   Dev-Rendering (12F88B9F-8875-4AFC-A67C-D90C383ABD29): 20
LogDevObjectVersion:   Dev-Sequencer (7B5AE74C-D270-4C10-A958-57980B212A5A): 4
LogDevObjectVersion:   Dev-VR (D7296918-1DD6-4BDD-9DE2-64A83CC13884): 0
LogDevObjectVersion:   Dev-LoadTimes (C2A15278-BFE7-4AFE-6C17-90FF531DF755): 1
LogDevObjectVersion:   Private-Geometry (6EACA3D4-40EC-4CC1-B786-8BED09428FC5): 1
LogDevObjectVersion:   Dev-AnimPhys (29E575DD-E0A3-4627-9D10-D276232CDCEA): 12
LogInit: Compiled (64-bit): Dec  8 2017 02:04:53
LogInit: Compiled with Visual C++: 19.00.24215.01
LogInit: Build Configuration: Development
LogInit: Branch Name: ++UE4+Release-4.18
LogInit: Command line: -EpicPortal 
LogInit: Base directory: C:/Program Files/Epic Games/UE_4.18/Engine/Binaries/Win64/
LogInit: Installed Engine Build: 1
LogInit: Presizing for max 8388607 objects, including 0 objects not considered by GC, pre-allocating 0 bytes for permanent pool.
LogInit: Object subsystem initialized
[2018.01.17-18.08.29:077][  0]LogInit: Selected Device Profile: [Windows]
[2018.01.17-18.08.29:077][  0]LogInit: Applying CVar settings loaded from the selected device profile: [Windows]
[2018.01.17-18.08.29:105][  0]LogInit: Computer: AMD
[2018.01.17-18.08.29:105][  0]LogInit: User: Andrew
[2018.01.17-18.08.29:105][  0]LogInit: CPU Page size=4096, Cores=4
[2018.01.17-18.08.29:105][  0]LogInit: High frequency timer resolution =3.897919 MHz
[2018.01.17-18.08.29:106][  0]LogMemory: Memory total: Physical=16.0GB (16GB approx)
[2018.01.17-18.08.29:106][  0]LogMemory: Platform Memory Stats for Windows
[2018.01.17-18.08.29:106][  0]LogMemory: Process Physical Memory: 275.05 MB used, 275.05 MB peak
[2018.01.17-18.08.29:106][  0]LogMemory: Process Virtual Memory: 272.63 MB used, 272.63 MB peak
[2018.01.17-18.08.29:106][  0]LogMemory: Physical Memory: 7023.48 MB used,  9317.24 MB free, 16340.71 MB total
[2018.01.17-18.08.29:106][  0]LogMemory: Virtual Memory: 632.77 MB used,  9317.24 MB free, 8388608.00 MB total
[2018.01.17-18.08.29:502][  0]LogInit: Using OS detected language (en-US).
[2018.01.17-18.08.29:502][  0]LogInit: Using OS detected locale (en-US).
[2018.01.17-18.08.29:505][  0]LogTextLocalizationManager: No specific localization for 'en-US' exists, so the 'en' localization will be used.
[2018.01.17-18.08.30:187][  0]LogWindows: Failed to load 'shcore.dll' (GetLastError=126)
[2018.01.17-18.08.30:187][  0]LogWindows: File 'shcore.dll' does not exist
[2018.01.17-18.08.30:188][  0]LogInit: Setting process to DPI aware
[2018.01.17-18.08.30:191][  0]LogWindows: Failed to load 'shcore.dll' (GetLastError=126)
[2018.01.17-18.08.30:191][  0]LogWindows: File 'shcore.dll' does not exist
[2018.01.17-18.08.30:191][  0]LogInit: Setting process to DPI aware
[2018.01.17-18.08.30:637][  0]LogD3D11RHI: D3D11 adapters:
[2018.01.17-18.08.30:663][  0]LogD3D11RHI:    0. 'AMD Radeon HD 7700 Series' (Feature Level 11_0)
[2018.01.17-18.08.30:663][  0]LogD3D11RHI:       1000/0/3840 MB DedicatedVideo/DedicatedSystem/SharedSystem, Outputs:1, VendorId:0x1002
[2018.01.17-18.08.30:663][  0]LogD3D11RHI: Chosen D3D11 Adapter: 0
[2018.01.17-18.08.30:679][  0]LogD3D11RHI: Creating new Direct3DDevice
[2018.01.17-18.08.30:679][  0]LogD3D11RHI:     GPU DeviceId: 0x665c (for the marketing name, search the web for "GPU Device Id")
[2018.01.17-18.08.30:679][  0]LogWindows: EnumDisplayDevices:
[2018.01.17-18.08.30:679][  0]LogWindows:    0. 'AMD Radeon HD 7700 Series' (P:1 D:1)
[2018.01.17-18.08.30:680][  0]LogWindows:    1. 'AMD Radeon HD 7700 Series' (P:0 D:0)
[2018.01.17-18.08.30:680][  0]LogWindows:    2. 'AMD Radeon HD 7700 Series' (P:0 D:0)
[2018.01.17-18.08.30:681][  0]LogWindows:    3. 'AMD Radeon HD 7700 Series' (P:0 D:0)
[2018.01.17-18.08.30:681][  0]LogWindows:    4. 'AMD Radeon HD 7700 Series' (P:0 D:0)
[2018.01.17-18.08.30:681][  0]LogWindows:    5. 'AMD Radeon HD 7700 Series' (P:0 D:0)
[2018.01.17-18.08.30:682][  0]LogWindows:    6. 'RDPDD Chained DD' (P:0 D:0)
[2018.01.17-18.08.30:682][  0]LogWindows:    7. 'RDP Encoder Mirror Driver' (P:0 D:0)
[2018.01.17-18.08.30:682][  0]LogWindows:    8. 'RDP Reflector Display Driver' (P:0 D:0)
[2018.01.17-18.08.30:682][  0]LogWindows: DebugString: PrimaryIsNotTheChoosenAdapter PrimaryIsNotTheChoosenAdapter PrimaryIsNotTheChoosenAdapter PrimaryIsNotTheChoosenAdapter PrimaryIsNotTheChoosenAdapter PrimaryIsNotTheChoosenAdapter GetVideoDriverDetailsInvalid PrimaryIsNotTheChoosenAdapter GetVideoDriverDetailsInvalid PrimaryIsNotTheChoosenAdapter GetVideoDriverDetailsInvalid PrimaryIsNotTheChoosenAdapter FoundDriverCount:0 
[2018.01.17-18.08.30:682][  0]LogD3D11RHI:     Adapter Name: AMD Radeon HD 7700 Series
[2018.01.17-18.08.30:682][  0]LogD3D11RHI:   Driver Version: Unknown (internal:Unknown, unified:Unknown)
[2018.01.17-18.08.30:682][  0]LogD3D11RHI:      Driver Date: Unknown
[2018.01.17-18.08.30:682][  0]LogRHI: Texture pool is 700 MB (70% of 1000 MB)
[2018.01.17-18.08.30:750][  0]LogD3D11RHI: Async texture creation enabled
[2018.01.17-18.08.30:769][  0]LogD3D11RHI: GPU Timing Frequency: 27.000000 (Debug: 2 1)
[2018.01.17-18.08.30:770][  0]LogShaderCompilers: Guid format shader working directory is -45 characters bigger than the processId version (../../../../../../Users/Andrew/Documents/college stuff/SASE/test_saseteam/saseteam/SaseTeam/Intermediate/Shaders/WorkingDirectory/30580/).
[2018.01.17-18.08.30:770][  0]LogShaderCompilers: Cleaned the shader compiler working directory 'C:/Users/Andrew/AppData/Local/Temp/UnrealShaderWorkingDir/CCF41DB54589762B0870248211C81380/'.
[2018.01.17-18.08.30:770][  0]LogShaderCompilers: Display: Using Local Shader Compiler.
[2018.01.17-18.08.32:412][  0]LogTemp: Display: Loaded TP AllDesktopTargetPlatform
[2018.01.17-18.08.32:543][  0]LogTemp: Display: Loaded TP MacClientTargetPlatform
[2018.01.17-18.08.32:665][  0]LogTemp: Display: Loaded TP MacNoEditorTargetPlatform
[2018.01.17-18.08.32:793][  0]LogTemp: Display: Loaded TP MacServerTargetPlatform
[2018.01.17-18.08.32:925][  0]LogTemp: Display: Loaded TP MacTargetPlatform
[2018.01.17-18.08.33:056][  0]LogTemp: Display: Loaded TP WindowsClientTargetPlatform
[2018.01.17-18.08.33:189][  0]LogTemp: Display: Loaded TP WindowsNoEditorTargetPlatform
[2018.01.17-18.08.33:316][  0]LogTemp: Display: Loaded TP WindowsServerTargetPlatform
[2018.01.17-18.08.33:430][  0]LogTemp: Display: Loaded TP WindowsTargetPlatform
[2018.01.17-18.08.33:552][  0]LogTemp: Display: Loaded TP Android_ASTCTargetPlatform
[2018.01.17-18.08.33:677][  0]LogTemp: Display: Loaded TP Android_ATCTargetPlatform
[2018.01.17-18.08.33:803][  0]LogTemp: Display: Loaded TP Android_DXTTargetPlatform
[2018.01.17-18.08.33:934][  0]LogTemp: Display: Loaded TP Android_ETC1TargetPlatform
[2018.01.17-18.08.34:056][  0]LogTemp: Display: Loaded TP Android_ETC2TargetPlatform
[2018.01.17-18.08.34:307][  0]LogTemp: Display: Loaded TP Android_MultiTargetPlatform
[2018.01.17-18.08.34:307][  0]LogTemp: Display: Loaded TP Android_PVRTCTargetPlatform
[2018.01.17-18.08.34:432][  0]LogTemp: Display: Loaded TP AndroidTargetPlatform
[2018.01.17-18.08.34:539][  0]LogTemp: Display: Loaded TP HTML5TargetPlatform
[2018.01.17-18.08.34:732][  0]LogTemp: Display: Loaded TP IOSTargetPlatform
[2018.01.17-18.08.34:799][  0]LogTemp: Display: Loaded TP TVOSTargetPlatform
[2018.01.17-18.08.34:941][  0]LogTemp: Display: Loaded TP LinuxClientTargetPlatform
[2018.01.17-18.08.35:071][  0]LogTemp: Display: Loaded TP LinuxNoEditorTargetPlatform
[2018.01.17-18.08.35:207][  0]LogTemp: Display: Loaded TP LinuxServerTargetPlatform
[2018.01.17-18.08.35:333][  0]LogTemp: Display: Loaded TP LinuxTargetPlatform
[2018.01.17-18.08.35:334][  0]LogTargetPlatformManager: Display: Building Assets For Windows
[2018.01.17-18.08.36:463][  0]LogDerivedDataCache: Display: Max Cache Size: 512 MB
[2018.01.17-18.08.36:707][  0]LogDerivedDataCache: Loaded boot cache 0.24s 92MB C:/Users/Andrew/AppData/Local/UnrealEngine/4.18/DerivedDataCache/Boot.ddc.
[2018.01.17-18.08.36:707][  0]LogDerivedDataCache: Display: Loaded Boot cache: C:/Users/Andrew/AppData/Local/UnrealEngine/4.18/DerivedDataCache/Boot.ddc
[2018.01.17-18.08.36:707][  0]LogDerivedDataCache: FDerivedDataBackendGraph:  Pak pak cache file ../../../../../../Users/Andrew/Documents/college stuff/SASE/test_saseteam/saseteam/SaseTeam/DerivedDataCache/DDC.ddp not found, will not use a pak cache.
[2018.01.17-18.08.36:707][  0]LogDerivedDataCache: Unable to find inner node Pak for hierarchical cache Hierarchy.
[2018.01.17-18.08.36:707][  0]LogDerivedDataCache: FDerivedDataBackendGraph:  CompressedPak pak cache file ../../../../../../Users/Andrew/Documents/college stuff/SASE/test_saseteam/saseteam/SaseTeam/DerivedDataCache/Compressed.ddp not found, will not use a pak cache.
[2018.01.17-18.08.36:707][  0]LogDerivedDataCache: Unable to find inner node CompressedPak for hierarchical cache Hierarchy.
[2018.01.17-18.08.36:736][  0]LogDerivedDataCache: Display: Pak cache opened for reading ../../../Engine/DerivedDataCache/Compressed.ddp.
[2018.01.17-18.08.36:750][  0]LogDerivedDataCache: Using Local data cache path C:/Users/Andrew/AppData/Local/UnrealEngine/Common/DerivedDataCache: Writable
[2018.01.17-18.08.36:768][  0]LogMaterial: Verifying Global Shaders for PCD3D_SM5
[2018.01.17-18.08.36:769][  0]LogSlate: Using Freetype 2.6.0
[2018.01.17-18.08.36:769][  0]LogSlate: SlateFontCache - WITH_FREETYPE: 1, WITH_HARFBUZZ: 1
[2018.01.17-18.08.36:769][  0]LogSlate: SlateFontCache - WITH_FREETYPE: 1, WITH_HARFBUZZ: 1
[2018.01.17-18.08.37:419][  0]LogInit: Selected Device Profile: [Windows]
[2018.01.17-18.08.38:152][  0]LogSimplygon: Simplygon DLL not present - disabling.
[2018.01.17-18.08.38:265][  0]LogMeshReduction: Using SimplygonSwarm for distributed automatic mesh merging
[2018.01.17-18.08.38:265][  0]LogMeshReduction: Using QuadricMeshReduction for automatic static mesh reduction
[2018.01.17-18.08.38:265][  0]LogMeshReduction: No automatic skeletal mesh reduction module available
[2018.01.17-18.08.38:265][  0]LogMeshReduction: No automatic mesh merging module available
[2018.01.17-18.08.38:265][  0]LogMeshMerging: No automatic mesh merging module available
[2018.01.17-18.08.38:307][  0]LogNetVersion: SaseTeam , NetCL: 3709383, EngineNetVer: 2, GameNetVer: 0 (Checksum: 1715109140)
[2018.01.17-18.08.38:608][  0]LogAssetRegistry: FAssetRegistry took 0.0321 seconds to start up
[2018.01.17-18.08.39:620][  0]LogPackageLocalizationCache: Processed 7 localized package path(s) for 2 prioritized culture(s) in 0.140249 seconds
[2018.01.17-18.08.39:628][  0]LogUObjectArray: 35985 objects as part of root set at end of initial load.
[2018.01.17-18.08.39:628][  0]LogUObjectAllocator: 7386920 out of 0 bytes used by permanent object pool.
[2018.01.17-18.08.39:628][  0]LogUObjectArray: CloseDisregardForGC: 0/0 objects in disregard for GC pool
[2018.01.17-18.08.39:769][  0]LogInit: WinSock: version 1.1 (2.2), MaxSocks=32767, MaxUdp=65467
[2018.01.17-18.08.45:384][  0]LogWindows: Failed to load '../../../Engine/Binaries/ThirdParty/OSVRClientKit/bin/Win64/osvrRenderManager.dll' (GetLastError=127)
[2018.01.17-18.08.45:384][  0]OSVRLog: Warning: FAILED to load ../../../Engine/Binaries/ThirdParty/OSVRClientKit/bin/Win64/osvrRenderManager.dll
[2018.01.17-18.08.56:695][  0]OSVREntryPointLog: Display: OSVR client context could not connect. Most likely the server isn't running. Treating this as if the HMD is not connected.
[2018.01.17-18.08.56:867][  0]LogTcpMessaging: Initializing TcpMessaging bridge
[2018.01.17-18.08.56:948][  0]LogUdpMessaging: Initializing bridge on interface 0.0.0.0:0 to multicast group 230.0.0.1:6666.
[2018.01.17-18.08.58:220][  0]LogMaterial: Uniform references updated for custom material expression Custom.
[2018.01.17-18.08.59:074][  0]SourceControl: Source control is disabled
[2018.01.17-18.08.59:074][  0]SourceControl: Source control is disabled
[2018.01.17-18.08.59:198][  0]SourceControl: Source control is disabled
[2018.01.17-18.08.59:302][  0]SourceControl: Source control is disabled
[2018.01.17-18.09.01:069][  0]LogAndroidPermission: UAndroidPermissionCallbackProxy::GetInstance
[2018.01.17-18.09.01:616][  0]LogOcInput: OculusInput pre-init called
[2018.01.17-18.09.02:182][  0]LogEngine: Initializing Engine...
[2018.01.17-18.09.02:262][  0]LogHMD: GoogleVR API created
[2018.01.17-18.09.02:711][  0]LogStats: UGameplayTagsManager::ConstructGameplayTagTree: Construct from data asset -  0.000 s
[2018.01.17-18.09.02:711][  0]LogStats: UGameplayTagsManager::ConstructGameplayTagTree: GameplayTagTreeChangedEvent.Broadcast -  0.000 s
[2018.01.17-18.09.02:998][  0]LogAIModule: Creating AISystem for world Untitled
[2018.01.17-18.09.03:012][  0]LogInit: XAudio2 using 'Headphones (High Definition Audio Device)' : 2 channels at 44.1 kHz using 16 bits per sample (channel mask 0x3)
[2018.01.17-18.09.03:019][  0]LogInit: FAudioDevice initialized.
[2018.01.17-18.09.03:162][  0]LogDerivedDataCache: Saved boot cache 0.14s 92MB C:/Users/Andrew/AppData/Local/UnrealEngine/4.18/DerivedDataCache/Boot.ddc.
[2018.01.17-18.09.03:212][  0]LogInit: Texture streaming: Enabled
[2018.01.17-18.09.03:438][  0]LogEngineSessionManager: EngineSessionManager initialized
[2018.01.17-18.09.03:725][  0]LogInit: Transaction tracking system initialized
[2018.01.17-18.09.04:440][  0]BlueprintLog: New page: Editor Load
[2018.01.17-18.09.06:512][  0]LocalizationService: Localization service is disabled
[2018.01.17-18.09.08:450][  0]LogConsoleResponse: Display: 
[2018.01.17-18.09.08:727][  0]LogCook: Display: Max memory allowance for cook 16384mb min free memory 0mb
[2018.01.17-18.09.08:727][  0]LogCook: Display: Mobile HDR setting 1
[2018.01.17-18.09.08:727][  0]LogGameplayTags: Display: UGameplayTagsManager::DoneAddingNativeTags. DelegateIsBound: 0
[2018.01.17-18.09.09:077][  0]LogFileCache: Scanning file cache for directory 'C:/Users/Andrew/Documents/college stuff/SASE/test_saseteam/saseteam/SaseTeam/Content/' took 0.01s
[2018.01.17-18.09.11:461][  0]SourceControl: Source control is disabled
[2018.01.17-18.09.11:462][  0]LightingResults: New page: Lighting Build
[2018.01.17-18.09.11:557][  0]MapCheck: New page: Map Check
[2018.01.17-18.09.11:557][  0]LightingResults: New page: Lighting Build
[2018.01.17-18.09.11:934][  0]LogAIModule: Creating AISystem for world BasicRoom
[2018.01.17-18.09.11:943][  0]LogEditorServer: Finished looking for orphan Actors (0.000 secs)
[2018.01.17-18.09.11:977][  0]Cmd: MAP CHECKDEP NOCLEARLOG
[2018.01.17-18.09.12:063][  0]MapCheck: Map check complete: 0 Error(s), 0 Warning(s), took 85.95ms to complete.
[2018.01.17-18.09.12:064][  0]LogFileHelpers: Loading map 'BasicRoom' took 0.602
[2018.01.17-18.09.12:251][  0]LogCollectionManager: Loaded 0 collections in 0.001857 seconds
[2018.01.17-18.09.12:377][  0]LogFileCache: Scanning file cache for directory 'C:/Users/Andrew/Documents/college stuff/SASE/test_saseteam/saseteam/SaseTeam/Saved/Collections/' took 0.01s
[2018.01.17-18.09.12:377][  0]LogFileCache: Scanning file cache for directory 'C:/Users/Andrew/Documents/college stuff/SASE/test_saseteam/saseteam/SaseTeam/Content/Developers/Andrew/Collections/' took 0.01s
[2018.01.17-18.09.12:377][  0]LogFileCache: Scanning file cache for directory 'C:/Users/Andrew/Documents/college stuff/SASE/test_saseteam/saseteam/SaseTeam/Content/Collections/' took 0.00s
[2018.01.17-18.09.12:377][  0]LogCollectionManager: Rebuilt the GUID cache for 0 collections in 0.000000 seconds
[2018.01.17-18.09.12:391][  0]LogContentBrowser: Native class hierarchy populated in 0.0132 seconds. Added 2364 classes and 522 folders.
[2018.01.17-18.09.12:535][  0]LogContentBrowser: Native class hierarchy updated for 'WidgetCarousel' in 0.0003 seconds. Added 0 classes and 0 folders.
[2018.01.17-18.09.12:596][  0]LogContentBrowser: Native class hierarchy updated for 'AddContentDialog' in 0.0003 seconds. Added 0 classes and 0 folders.
[2018.01.17-18.09.12:693][  0]LogContentBrowser: Native class hierarchy updated for 'SceneOutliner' in 0.0004 seconds. Added 1 classes and 2 folders.
[2018.01.17-18.09.12:712][  0]LogSlate: Took 0.000263 seconds to synchronously load lazily loaded font '../../../Engine/Content/Slate/Fonts/Roboto-Regular.ttf' (155K)
[2018.01.17-18.09.12:715][  0]LogSlate: Took 0.000223 seconds to synchronously load lazily loaded font '../../../Engine/Content/Slate/Fonts/Roboto-Bold.ttf' (160K)
[2018.01.17-18.09.12:721][  0]LogSlate: Took 0.000282 seconds to synchronously load lazily loaded font '../../../Engine/Content/Editor/Slate/Fonts/FontAwesome.ttf' (139K)
[2018.01.17-18.09.12:850][  0]LogRenderer: Reallocating scene render targets to support 1208x600 Format 26 NumSamples 1 (Frame:1).
[2018.01.17-18.09.13:356][  0]LogContentBrowser: Native class hierarchy updated for 'HierarchicalLODOutliner' in 0.0004 seconds. Added 1 classes and 2 folders.
[2018.01.17-18.09.13:356][  0]LogLoad: (Engine Initialization) Total time: 51.63 seconds
[2018.01.17-18.09.13:356][  0]LogLoad: (Engine Initialization) Total Blueprint compile time: 0.00 seconds
[2018.01.17-18.09.13:356][  0]LogExternalProfiler: No external profilers were discovered.  External profiling features will not be available.
[2018.01.17-18.09.13:720][  0]LogContentStreaming: Texture pool size now 1000 MB
[2018.01.17-18.09.13:768][  0]LogSlate: Took 0.000270 seconds to synchronously load lazily loaded font '../../../Engine/Content/Slate/Fonts/Roboto-Light.ttf' (159K)
[2018.01.17-18.09.14:045][  1]LogAssetRegistry: Asset discovery search completed in 35.4574 seconds
[2018.01.17-18.09.14:047][  1]LogCollectionManager: Rebuilt the object cache for 0 collections in 0.000000 seconds (found 0 objects)
[2018.01.17-18.09.14:047][  1]LogCollectionManager: Fixed up redirectors for 0 collections in 0.000041 seconds (updated 0 objects)
[2018.01.17-18.14.56:341][254]LogEditorViewport: Clicking on Actor (LMB): StaticMeshActor (Floor)
[2018.01.17-18.14.58:382][305]LogEditorViewport: Clicking on Actor (LMB): StaticMeshActor (Floor)
[2018.01.17-18.14.59:313][383]Cmd: TRANSACTION UNDO
[2018.01.17-18.14.59:313][383]LogEditorTransaction: Undo Move Actors
[2018.01.17-18.14.59:345][383]LogSlate: Took 0.000281 seconds to synchronously load lazily loaded font '../../../Engine/Content/Slate/Fonts/Roboto-Light.ttf' (159K)
[2018.01.17-18.14.59:692][405]Cmd: TRANSACTION UNDO
[2018.01.17-18.14.59:692][405]LogEditorTransaction: Undo Clicking on Actors
[2018.01.17-18.15.03:742][847]LogEditorViewport: Clicking on Actor (LMB): StaticMeshActor (Floor)
[2018.01.17-18.15.03:969][862]LogSlate: Took 0.004350 seconds to synchronously load lazily loaded font '../../../Engine/Content/Editor/Slate/Fonts/Roboto-Italic.ttf' (157K)
[2018.01.17-18.15.05:184][945]LogEditorViewport: Clicking on Actor (LMB): Switch_C (Switch)
[2018.01.17-18.15.08:231][228]LogTemp: Repeating last play command: Selected Viewport
[2018.01.17-18.15.08:306][228]LogPlayLevel: PlayLevel: No blueprints needed recompiling
[2018.01.17-18.15.08:311][228]PIE: New page: PIE session: BasicRoom (Jan 17, 2018, 8:15:08 AM)
[2018.01.17-18.15.08:312][228]LogPlayLevel: Creating play world package: /Game/VirtualRealityBP/Maps/Levels/UEDPIE_1_BasicRoom
[2018.01.17-18.15.08:319][228]LogPlayLevel: PIE: StaticDuplicateObject took: (0.006994s)
[2018.01.17-18.15.08:320][228]LogAIModule: Creating AISystem for world BasicRoom
[2018.01.17-18.15.08:320][228]LogPlayLevel: PIE: World Init took: (0.001285s)
[2018.01.17-18.15.08:320][228]LogPlayLevel: PIE: Created PIE world by copying editor world from /Game/VirtualRealityBP/Maps/Levels/BasicRoom.BasicRoom to /Game/VirtualRealityBP/Maps/Levels/UEDPIE_1_BasicRoom.BasicRoom (0.008714s)
[2018.01.17-18.15.08:356][228]LogInit: XAudio2 using 'Headphones (High Definition Audio Device)' : 2 channels at 44.1 kHz using 16 bits per sample (channel mask 0x3)
[2018.01.17-18.15.08:360][228]LogInit: FAudioDevice initialized.
[2018.01.17-18.15.08:405][228]LogUObjectGlobals: Warning: Failed to find object 'Class None.'
[2018.01.17-18.15.08:405][228]LogLoad: Game class is 'GameModeBase'
[2018.01.17-18.15.08:408][228]LogWorld: Bringing World /Game/VirtualRealityBP/Maps/Levels/UEDPIE_1_BasicRoom.BasicRoom up for play (max tick rate 0) at 2018.01.17-13.15.08
[2018.01.17-18.15.08:409][228]LogWorld: Bringing up level for play took: 0.001882
[2018.01.17-18.15.08:512][228]LogContentBrowser: Native class hierarchy updated for 'MovieSceneCapture' in 0.0006 seconds. Added 11 classes and 0 folders.
[2018.01.17-18.15.08:514][228]LogTemp: Display: ParseSettings for GameNetDriver
[2018.01.17-18.15.08:514][228]LogTemp: Display: ParseSettings for IpNetDriver_0
[2018.01.17-18.15.08:515][228]LogTemp: Display: ParseSettings for GameNetDriver
[2018.01.17-18.15.08:515][228]LogInit: WinSock: Socket queue 131072 / 131072
[2018.01.17-18.15.08:516][228]LogInit: WinSock: I am AMD (192.168.56.1:0)
[2018.01.17-18.15.08:516][228]PacketHandlerLog: Loaded PacketHandler component: Engine.EngineHandlerComponentFactory (StatelessConnectHandlerComponent)
[2018.01.17-18.15.08:517][228]LogNet: GameNetDriver IpNetDriver_0 IpNetDriver listening on port 17777
[2018.01.17-18.15.08:518][228]PIE: Play in editor start time for /Game/VirtualRealityBP/Maps/Levels/UEDPIE_1_BasicRoom -0.329
[2018.01.17-18.15.08:522][228]PIE: New page: PIE session: BasicRoom (Jan 17, 2018, 8:15:08 AM)
[2018.01.17-18.15.08:568][228]LogNet: Browse: 127.0.0.1:17777//Game/VirtualRealityBP/Maps/Levels/BasicRoom
[2018.01.17-18.15.08:568][228]LogTemp: Display: ParseSettings for GameNetDriver
[2018.01.17-18.15.08:568][228]LogTemp: Display: ParseSettings for IpNetDriver_1
[2018.01.17-18.15.08:568][228]LogTemp: Display: ParseSettings for PendingNetDriver
[2018.01.17-18.15.08:568][228]LogInit: WinSock: Socket queue 32768 / 32768
[2018.01.17-18.15.08:569][228]PacketHandlerLog: Loaded PacketHandler component: Engine.EngineHandlerComponentFactory (StatelessConnectHandlerComponent)
[2018.01.17-18.15.08:569][228]LogNet: Game client on port 17777, rate 10000
[2018.01.17-18.15.08:574][228]PIE: Play in editor start time for /Game/VirtualRealityBP/Maps/Levels/BasicRoom -0.272
[2018.01.17-18.15.08:580][228]PIE: New page: PIE session: BasicRoom (Jan 17, 2018, 8:15:08 AM)
[2018.01.17-18.15.08:632][228]LogNet: Browse: 127.0.0.1:17777//Game/VirtualRealityBP/Maps/Levels/BasicRoom
[2018.01.17-18.15.08:632][228]LogTemp: Display: ParseSettings for GameNetDriver
[2018.01.17-18.15.08:632][228]LogTemp: Display: ParseSettings for IpNetDriver_2
[2018.01.17-18.15.08:632][228]LogTemp: Display: ParseSettings for PendingNetDriver
[2018.01.17-18.15.08:632][228]LogInit: WinSock: Socket queue 32768 / 32768
[2018.01.17-18.15.08:633][228]PacketHandlerLog: Loaded PacketHandler component: Engine.EngineHandlerComponentFactory (StatelessConnectHandlerComponent)
[2018.01.17-18.15.08:633][228]LogNet: Game client on port 17777, rate 10000
[2018.01.17-18.15.08:639][228]PIE: Play in editor start time for /Game/VirtualRealityBP/Maps/Levels/BasicRoom -0.207
[2018.01.17-18.15.08:644][228]PIE: New page: PIE session: BasicRoom (Jan 17, 2018, 8:15:08 AM)
[2018.01.17-18.15.08:691][228]LogNet: Browse: 127.0.0.1:17777//Game/VirtualRealityBP/Maps/Levels/BasicRoom
[2018.01.17-18.15.08:691][228]LogTemp: Display: ParseSettings for GameNetDriver
[2018.01.17-18.15.08:691][228]LogTemp: Display: ParseSettings for IpNetDriver_3
[2018.01.17-18.15.08:691][228]LogTemp: Display: ParseSettings for PendingNetDriver
[2018.01.17-18.15.08:691][228]LogInit: WinSock: Socket queue 32768 / 32768
[2018.01.17-18.15.08:691][228]PacketHandlerLog: Loaded PacketHandler component: Engine.EngineHandlerComponentFactory (StatelessConnectHandlerComponent)
[2018.01.17-18.15.08:692][228]LogNet: Game client on port 17777, rate 10000
[2018.01.17-18.15.08:696][228]PIE: Play in editor start time for /Game/VirtualRealityBP/Maps/Levels/BasicRoom -0.151
[2018.01.17-18.15.08:711][228]LogNet: NotifyAcceptingConnection accepted from: 127.0.0.1:63729
[2018.01.17-18.15.08:711][228]LogHandshake: SendConnectChallenge. Timestamp: 0.009352, Cookie: 102018072108133124006116236023026008089028029236072244250084
[2018.01.17-18.15.08:711][228]LogNet: NotifyAcceptingConnection accepted from: 127.0.0.1:63730
[2018.01.17-18.15.08:711][228]LogHandshake: SendConnectChallenge. Timestamp: 0.009352, Cookie: 007003149000094144020233212236232119152013003107034172139207
[2018.01.17-18.15.08:711][228]LogNet: NotifyAcceptingConnection accepted from: 127.0.0.1:63731
[2018.01.17-18.15.08:711][228]LogHandshake: SendConnectChallenge. Timestamp: 0.009352, Cookie: 118139037067028172028194042089220090153022151009156223123236
[2018.01.17-18.15.08:772][228]LogHandshake: SendChallengeResponse. Timestamp: 0.009352, Cookie: 102018072108133124006116236023026008089028029236072244250084
[2018.01.17-18.15.08:773][228]LogHandshake: SendChallengeResponse. Timestamp: 0.009352, Cookie: 007003149000094144020233212236232119152013003107034172139207
[2018.01.17-18.15.08:774][228]LogHandshake: SendChallengeResponse. Timestamp: 0.009352, Cookie: 118139037067028172028194042089220090153022151009156223123236
[2018.01.17-18.15.09:162][229]LogNet: NotifyAcceptingConnection accepted from: 127.0.0.1:63729
[2018.01.17-18.15.09:162][229]LogHandshake: SendChallengeAck. InCookie: 102018072108133124006116236023026008089028029236072244250084
[2018.01.17-18.15.09:163][229]LogNet: Server accepting post-challenge connection from: 127.0.0.1:63729
[2018.01.17-18.15.09:164][229]PacketHandlerLog: Loaded PacketHandler component: Engine.EngineHandlerComponentFactory (StatelessConnectHandlerComponent)
[2018.01.17-18.15.09:165][229]LogNet: NotifyAcceptedConnection: Name: BasicRoom, TimeStamp: 01/17/18 13:15:09, [UNetConnection] RemoteAddr: 127.0.0.1:63729, Name: IpConnection_3, Driver: GameNetDriver IpNetDriver_0, IsServer: YES, PC: NULL, Owner: NULL
[2018.01.17-18.15.09:167][229]LogNet: AddClientConnection: Added client connection: [UNetConnection] RemoteAddr: 127.0.0.1:63729, Name: IpConnection_3, Driver: GameNetDriver IpNetDriver_0, IsServer: YES, PC: NULL, Owner: NULL
[2018.01.17-18.15.09:168][229]LogNet: NotifyAcceptingConnection accepted from: 127.0.0.1:63730
[2018.01.17-18.15.09:168][229]LogHandshake: SendChallengeAck. InCookie: 007003149000094144020233212236232119152013003107034172139207
[2018.01.17-18.15.09:168][229]LogNet: Server accepting post-challenge connection from: 127.0.0.1:63730
[2018.01.17-18.15.09:168][229]PacketHandlerLog: Loaded PacketHandler component: Engine.EngineHandlerComponentFactory (StatelessConnectHandlerComponent)
[2018.01.17-18.15.09:168][229]LogNet: NotifyAcceptedConnection: Name: BasicRoom, TimeStamp: 01/17/18 13:15:09, [UNetConnection] RemoteAddr: 127.0.0.1:63730, Name: IpConnection_4, Driver: GameNetDriver IpNetDriver_0, IsServer: YES, PC: NULL, Owner: NULL
[2018.01.17-18.15.09:168][229]LogNet: AddClientConnection: Added client connection: [UNetConnection] RemoteAddr: 127.0.0.1:63730, Name: IpConnection_4, Driver: GameNetDriver IpNetDriver_0, IsServer: YES, PC: NULL, Owner: NULL
[2018.01.17-18.15.09:169][229]LogNet: NotifyAcceptingConnection accepted from: 127.0.0.1:63731
[2018.01.17-18.15.09:169][229]LogHandshake: SendChallengeAck. InCookie: 118139037067028172028194042089220090153022151009156223123236
[2018.01.17-18.15.09:169][229]LogNet: Server accepting post-challenge connection from: 127.0.0.1:63731
[2018.01.17-18.15.09:169][229]PacketHandlerLog: Loaded PacketHandler component: Engine.EngineHandlerComponentFactory (StatelessConnectHandlerComponent)
[2018.01.17-18.15.09:169][229]LogNet: NotifyAcceptedConnection: Name: BasicRoom, TimeStamp: 01/17/18 13:15:09, [UNetConnection] RemoteAddr: 127.0.0.1:63731, Name: IpConnection_5, Driver: GameNetDriver IpNetDriver_0, IsServer: YES, PC: NULL, Owner: NULL
[2018.01.17-18.15.09:169][229]LogNet: AddClientConnection: Added client connection: [UNetConnection] RemoteAddr: 127.0.0.1:63731, Name: IpConnection_5, Driver: GameNetDriver IpNetDriver_0, IsServer: YES, PC: NULL, Owner: NULL
[2018.01.17-18.15.09:171][229]LogNetVersion: SaseTeam 1.0.0.0, NetCL: 3709383, EngineNetVer: 2, GameNetVer: 0 (Checksum: 3282370464)
[2018.01.17-18.15.09:171][229]LogNet: UPendingNetGame::SendInitialJoin: Sending hello. [UNetConnection] RemoteAddr: 127.0.0.1:17777, Name: IpConnection_0, Driver: PendingNetDriver IpNetDriver_1, IsServer: NO, PC: NULL, Owner: NULL
[2018.01.17-18.15.09:174][229]LogNet: UPendingNetGame::SendInitialJoin: Sending hello. [UNetConnection] RemoteAddr: 127.0.0.1:17777, Name: IpConnection_1, Driver: PendingNetDriver IpNetDriver_2, IsServer: NO, PC: NULL, Owner: NULL
[2018.01.17-18.15.09:174][229]LogNet: UPendingNetGame::SendInitialJoin: Sending hello. [UNetConnection] RemoteAddr: 127.0.0.1:17777, Name: IpConnection_2, Driver: PendingNetDriver IpNetDriver_3, IsServer: NO, PC: NULL, Owner: NULL
[2018.01.17-18.15.09:247][230]LogNet: NotifyAcceptingChannel Control 0 server World /Game/VirtualRealityBP/Maps/Levels/UEDPIE_1_BasicRoom.BasicRoom: Accepted
[2018.01.17-18.15.09:247][230]LogNet: Remote platform little endian=1
[2018.01.17-18.15.09:247][230]LogNet: This platform little endian=1
[2018.01.17-18.15.09:247][230]LogNet: NotifyAcceptingChannel Control 0 server World /Game/VirtualRealityBP/Maps/Levels/UEDPIE_1_BasicRoom.BasicRoom: Accepted
[2018.01.17-18.15.09:247][230]LogNet: Remote platform little endian=1
[2018.01.17-18.15.09:247][230]LogNet: This platform little endian=1
[2018.01.17-18.15.09:247][230]LogNet: NotifyAcceptingChannel Control 0 server World /Game/VirtualRealityBP/Maps/Levels/UEDPIE_1_BasicRoom.BasicRoom: Accepted
[2018.01.17-18.15.09:247][230]LogNet: Remote platform little endian=1
[2018.01.17-18.15.09:248][230]LogNet: This platform little endian=1
[2018.01.17-18.15.09:258][231]LogNet: Login request: /Game/VirtualRealityBP/Maps/Levels/BasicRoom userId: Invalid
[2018.01.17-18.15.09:258][231]LogNet: Login request: /Game/VirtualRealityBP/Maps/Levels/BasicRoom userId: Invalid
[2018.01.17-18.15.09:258][231]LogNet: Login request: /Game/VirtualRealityBP/Maps/Levels/BasicRoom userId: Invalid
[2018.01.17-18.15.09:259][231]LogNet: Welcomed by server (Level: /Game/VirtualRealityBP/Maps/Levels/UEDPIE_1_BasicRoom, Game: /Script/Engine.GameModeBase)
[2018.01.17-18.15.09:261][231]LogLoad: LoadMap: 127.0.0.1:17777//Game/VirtualRealityBP/Maps/Levels/UEDPIE_1_BasicRoom?game=/Script/Engine.GameModeBase
[2018.01.17-18.15.09:311][231]LogAIModule: Creating AISystem for world BasicRoom
[2018.01.17-18.15.09:311][231]LogTemp: Display: ParseSettings for GameNetDriver
[2018.01.17-18.15.09:314][231]LogWorld: Bringing World /Game/VirtualRealityBP/Maps/Levels/UEDPIE_2_BasicRoom.BasicRoom up for play (max tick rate 0) at 2018.01.17-13.15.09
[2018.01.17-18.15.09:314][231]LogWorld: Bringing up level for play took: 0.001892
[2018.01.17-18.15.09:315][231]LogLoad: Took 0.053325 seconds to LoadMap(/Game/VirtualRealityBP/Maps/Levels/UEDPIE_1_BasicRoom)
[2018.01.17-18.15.09:315][231]LogNet: Welcomed by server (Level: /Game/VirtualRealityBP/Maps/Levels/UEDPIE_1_BasicRoom, Game: /Script/Engine.GameModeBase)
[2018.01.17-18.15.09:472][231]LogLoad: LoadMap: 127.0.0.1:17777//Game/VirtualRealityBP/Maps/Levels/UEDPIE_1_BasicRoom?game=/Script/Engine.GameModeBase
[2018.01.17-18.15.09:521][231]LogAIModule: Creating AISystem for world BasicRoom
[2018.01.17-18.15.09:521][231]LogTemp: Display: ParseSettings for GameNetDriver
[2018.01.17-18.15.09:524][231]LogWorld: Bringing World /Game/VirtualRealityBP/Maps/Levels/UEDPIE_3_BasicRoom.BasicRoom up for play (max tick rate 0) at 2018.01.17-13.15.09
[2018.01.17-18.15.09:524][231]LogWorld: Bringing up level for play took: 0.001689
[2018.01.17-18.15.09:525][231]LogLoad: Took 0.053272 seconds to LoadMap(/Game/VirtualRealityBP/Maps/Levels/UEDPIE_1_BasicRoom)
[2018.01.17-18.15.09:525][231]LogNet: Welcomed by server (Level: /Game/VirtualRealityBP/Maps/Levels/UEDPIE_1_BasicRoom, Game: /Script/Engine.GameModeBase)
[2018.01.17-18.15.09:691][231]LogLoad: LoadMap: 127.0.0.1:17777//Game/VirtualRealityBP/Maps/Levels/UEDPIE_1_BasicRoom?game=/Script/Engine.GameModeBase
[2018.01.17-18.15.09:742][231]LogAIModule: Creating AISystem for world BasicRoom
[2018.01.17-18.15.09:742][231]LogTemp: Display: ParseSettings for GameNetDriver
[2018.01.17-18.15.09:744][231]LogWorld: Bringing World /Game/VirtualRealityBP/Maps/Levels/UEDPIE_4_BasicRoom.BasicRoom up for play (max tick rate 0) at 2018.01.17-13.15.09
[2018.01.17-18.15.09:744][231]LogWorld: Bringing up level for play took: 0.001589
[2018.01.17-18.15.09:744][231]LogLoad: Took 0.053442 seconds to LoadMap(/Game/VirtualRealityBP/Maps/Levels/UEDPIE_1_BasicRoom)
[2018.01.17-18.15.09:778][232]LogNet: Client netspeed is 10000
[2018.01.17-18.15.09:778][232]LogNet: Join request: /Game/VirtualRealityBP/Maps/Levels/BasicRoom?SplitscreenCount=1
[2018.01.17-18.15.09:784][232]LogNet: Join succeeded: 257
[2018.01.17-18.15.09:784][232]LogNet: Client netspeed is 10000
[2018.01.17-18.15.09:784][232]LogNet: Join request: /Game/VirtualRealityBP/Maps/Levels/BasicRoom?SplitscreenCount=1
[2018.01.17-18.15.09:786][232]LogNet: Join succeeded: 258
[2018.01.17-18.15.09:787][232]LogNet: Client netspeed is 10000
[2018.01.17-18.15.09:787][232]LogNet: Join request: /Game/VirtualRealityBP/Maps/Levels/BasicRoom?SplitscreenCount=1
[2018.01.17-18.15.09:788][232]LogNet: Join succeeded: 259
[2018.01.17-18.15.09:954][233]LogRenderer: Reallocating scene render targets to support 1280x720 Format 26 NumSamples 1 (Frame:1).
[2018.01.17-18.15.22:953][934]LogNet: UChannel::CleanUp: ChIndex == 0. Closing connection. [UChannel] ChIndex: 0, Closing: 0 [UNetConnection] RemoteAddr: 127.0.0.1:63731, Name: IpConnection_5, Driver: GameNetDriver IpNetDriver_0, IsServer: YES, PC: None, Owner: None
[2018.01.17-18.15.22:953][934]LogNet: UNetConnection::Close: [UNetConnection] RemoteAddr: 127.0.0.1:63731, Name: IpConnection_5, Driver: GameNetDriver IpNetDriver_0, IsServer: YES, PC: None, Owner: None, Channels: 2, Time: 2018.01.17-18.15.22
[2018.01.17-18.15.22:953][934]LogNet: UChannel::Close: Sending CloseBunch. ChIndex == 0. Name: [UChannel] ChIndex: 0, Closing: 0 [UNetConnection] RemoteAddr: 127.0.0.1:63731, Name: IpConnection_5, Driver: GameNetDriver IpNetDriver_0, IsServer: YES, PC: None, Owner: None
[2018.01.17-18.15.22:953][934]LogNet: UChannel::CleanUp: ChIndex == 0. Closing connection. [UChannel] ChIndex: 0, Closing: 0 [UNetConnection] RemoteAddr: 127.0.0.1:63730, Name: IpConnection_4, Driver: GameNetDriver IpNetDriver_0, IsServer: YES, PC: None, Owner: None
[2018.01.17-18.15.22:953][934]LogNet: UNetConnection::Close: [UNetConnection] RemoteAddr: 127.0.0.1:63730, Name: IpConnection_4, Driver: GameNetDriver IpNetDriver_0, IsServer: YES, PC: None, Owner: None, Channels: 2, Time: 2018.01.17-18.15.22
[2018.01.17-18.15.22:953][934]LogNet: UChannel::Close: Sending CloseBunch. ChIndex == 0. Name: [UChannel] ChIndex: 0, Closing: 0 [UNetConnection] RemoteAddr: 127.0.0.1:63730, Name: IpConnection_4, Driver: GameNetDriver IpNetDriver_0, IsServer: YES, PC: None, Owner: None
[2018.01.17-18.15.22:953][934]LogNet: UChannel::CleanUp: ChIndex == 0. Closing connection. [UChannel] ChIndex: 0, Closing: 0 [UNetConnection] RemoteAddr: 127.0.0.1:63729, Name: IpConnection_3, Driver: GameNetDriver IpNetDriver_0, IsServer: YES, PC: None, Owner: None
[2018.01.17-18.15.22:953][934]LogNet: UNetConnection::Close: [UNetConnection] RemoteAddr: 127.0.0.1:63729, Name: IpConnection_3, Driver: GameNetDriver IpNetDriver_0, IsServer: YES, PC: None, Owner: None, Channels: 2, Time: 2018.01.17-18.15.22
[2018.01.17-18.15.22:953][934]LogNet: UChannel::Close: Sending CloseBunch. ChIndex == 0. Name: [UChannel] ChIndex: 0, Closing: 0 [UNetConnection] RemoteAddr: 127.0.0.1:63729, Name: IpConnection_3, Driver: GameNetDriver IpNetDriver_0, IsServer: YES, PC: None, Owner: None
[2018.01.17-18.15.22:954][934]LogNet: UChannel::CleanUp: ChIndex == 0. Closing connection. [UChannel] ChIndex: 0, Closing: 0 [UNetConnection] RemoteAddr: 127.0.0.1:17777, Name: IpConnection_2, Driver: GameNetDriver IpNetDriver_3, IsServer: NO, PC: None, Owner: None
[2018.01.17-18.15.22:954][934]LogNet: UNetConnection::Close: [UNetConnection] RemoteAddr: 127.0.0.1:17777, Name: IpConnection_2, Driver: GameNetDriver IpNetDriver_3, IsServer: NO, PC: None, Owner: None, Channels: 2, Time: 2018.01.17-18.15.22
[2018.01.17-18.15.22:954][934]LogNet: UChannel::Close: Sending CloseBunch. ChIndex == 0. Name: [UChannel] ChIndex: 0, Closing: 0 [UNetConnection] RemoteAddr: 127.0.0.1:17777, Name: IpConnection_2, Driver: GameNetDriver IpNetDriver_3, IsServer: NO, PC: None, Owner: None
[2018.01.17-18.15.22:954][934]LogNet: UChannel::CleanUp: ChIndex == 0. Closing connection. [UChannel] ChIndex: 0, Closing: 0 [UNetConnection] RemoteAddr: 127.0.0.1:17777, Name: IpConnection_1, Driver: GameNetDriver IpNetDriver_2, IsServer: NO, PC: None, Owner: None
[2018.01.17-18.15.22:954][934]LogNet: UNetConnection::Close: [UNetConnection] RemoteAddr: 127.0.0.1:17777, Name: IpConnection_1, Driver: GameNetDriver IpNetDriver_2, IsServer: NO, PC: None, Owner: None, Channels: 2, Time: 2018.01.17-18.15.22
[2018.01.17-18.15.22:954][934]LogNet: UChannel::Close: Sending CloseBunch. ChIndex == 0. Name: [UChannel] ChIndex: 0, Closing: 0 [UNetConnection] RemoteAddr: 127.0.0.1:17777, Name: IpConnection_1, Driver: GameNetDriver IpNetDriver_2, IsServer: NO, PC: None, Owner: None
[2018.01.17-18.15.22:954][934]LogNet: UChannel::CleanUp: ChIndex == 0. Closing connection. [UChannel] ChIndex: 0, Closing: 0 [UNetConnection] RemoteAddr: 127.0.0.1:17777, Name: IpConnection_0, Driver: GameNetDriver IpNetDriver_1, IsServer: NO, PC: None, Owner: None
[2018.01.17-18.15.22:954][934]LogNet: UNetConnection::Close: [UNetConnection] RemoteAddr: 127.0.0.1:17777, Name: IpConnection_0, Driver: GameNetDriver IpNetDriver_1, IsServer: NO, PC: None, Owner: None, Channels: 2, Time: 2018.01.17-18.15.22
[2018.01.17-18.15.22:954][934]LogNet: UChannel::Close: Sending CloseBunch. ChIndex == 0. Name: [UChannel] ChIndex: 0, Closing: 0 [UNetConnection] RemoteAddr: 127.0.0.1:17777, Name: IpConnection_0, Driver: GameNetDriver IpNetDriver_1, IsServer: NO, PC: None, Owner: None
[2018.01.17-18.15.22:960][934]LogExit: GameNetDriver None shut down
[2018.01.17-18.15.22:960][934]LogExit: GameNetDriver None shut down
[2018.01.17-18.15.22:962][934]LogExit: GameNetDriver None shut down
[2018.01.17-18.15.22:963][934]LogExit: GameNetDriver None shut down
[2018.01.17-18.15.29:815][654]LogEditorViewport: Clicking on Actor (LMB): StaticMeshActor (Tabletop)
[2018.01.17-18.15.31:830][806]LogEditorViewport: Clicking on Actor (LMB): StaticMeshActor (Floor)
[2018.01.17-18.15.37:731][278]LogEditorViewport: Clicking on Actor (LMB): BP_Sky_Sphere_C (Sky Sphere)
[2018.01.17-18.15.37:957][293]Cmd: TRANSACTION UNDO
[2018.01.17-18.15.37:958][293]LogEditorTransaction: Undo Clicking on Actors
[2018.01.17-18.16.04:648][741]Cmd: QUIT_EDITOR
[2018.01.17-18.16.05:435][741]LogExit: Preparing to exit.
[2018.01.17-18.16.06:034][741]LogDirectoryWatcher: A directory notification for 'C:/Users/Andrew/Documents/college stuff/SASE/test_saseteam/saseteam/SaseTeam/Content/' was aborted.
[2018.01.17-18.16.06:077][741]LogExit: Editor shut down
[2018.01.17-18.16.06:094][741]LogExit: Transaction tracking system shut down
[2018.01.17-18.16.06:316][741]LogDirectoryWatcher: A directory notification for '../../../Engine/Content/' was aborted.
[2018.01.17-18.16.06:317][741]LogDirectoryWatcher: A directory notification for '../../../../../../Users/Andrew/Documents/college stuff/SASE/test_saseteam/saseteam/SaseTeam/Content/' was aborted.
[2018.01.17-18.16.06:317][741]LogDirectoryWatcher: A directory notification for '../../../Engine/Plugins/2D/Paper2D/Content/' was aborted.
[2018.01.17-18.16.06:317][741]LogDirectoryWatcher: A directory notification for '../../../Engine/Plugins/Media/MediaCompositing/Content/' was aborted.
[2018.01.17-18.16.06:317][741]LogDirectoryWatcher: A directory notification for '../../../Engine/Plugins/Runtime/AppleARKit/Content/' was aborted.
[2018.01.17-18.16.06:317][741]LogDirectoryWatcher: A directory notification for '../../../Engine/Plugins/Runtime/Oculus/OculusVR/Content/' was aborted.
[2018.01.17-18.16.06:317][741]LogDirectoryWatcher: A directory notification for '../../../Engine/Plugins/Runtime/Steam/SteamVR/Content/' was aborted.
[2018.01.17-18.16.06:423][741]LogExit: Object subsystem successfully closed.
[2018.01.17-18.16.06:445][741]LogD3D11RHI: Shutdown
[2018.01.17-18.16.06:445][741]LogD3D11RHI: CleanupD3DDevice
[2018.01.17-18.16.06:451][741]LogD3D11RHI: ~FD3D11DynamicRHI
[2018.01.17-18.16.06:495][741]LogModuleManager: Shutting down and abandoning module MovieSceneCapture (558)
[2018.01.17-18.16.06:495][741]LogModuleManager: Shutting down and abandoning module HierarchicalLODOutliner (556)
[2018.01.17-18.16.06:495][741]LogModuleManager: Shutting down and abandoning module SceneOutliner (554)
[2018.01.17-18.16.06:495][741]LogModuleManager: Shutting down and abandoning module AddContentDialog (552)
[2018.01.17-18.16.06:495][741]LogDirectoryWatcher: A directory notification for 'C:/Program Files/Epic Games/UE_4.18/FeaturePacks/' was aborted.
[2018.01.17-18.16.06:497][741]LogModuleManager: Shutting down and abandoning module WidgetCarousel (551)
[2018.01.17-18.16.06:497][741]LogModuleManager: Shutting down and abandoning module EditorWidgets (548)
[2018.01.17-18.16.06:497][741]LogModuleManager: Shutting down and abandoning module CollectionManager (546)
[2018.01.17-18.16.06:497][741]LogDirectoryWatcher: A directory notification for 'C:/Users/Andrew/Documents/college stuff/SASE/test_saseteam/saseteam/SaseTeam/Content/Collections/' was aborted.
[2018.01.17-18.16.06:498][741]LogDirectoryWatcher: A directory notification for 'C:/Users/Andrew/Documents/college stuff/SASE/test_saseteam/saseteam/SaseTeam/Content/Developers/Andrew/Collections/' was aborted.
[2018.01.17-18.16.06:498][741]LogDirectoryWatcher: A directory notification for 'C:/Users/Andrew/Documents/college stuff/SASE/test_saseteam/saseteam/SaseTeam/Saved/Collections/' was aborted.
[2018.01.17-18.16.06:498][741]LogModuleManager: Shutting down and abandoning module StatsViewer (544)
[2018.01.17-18.16.06:498][741]LogModuleManager: Shutting down and abandoning module FoliageEdit (542)
[2018.01.17-18.16.06:498][741]LogModuleManager: Shutting down and abandoning module LandscapeEditor (540)
[2018.01.17-18.16.06:498][741]LogModuleManager: Shutting down and abandoning module MeshPaintMode (538)
[2018.01.17-18.16.06:498][741]LogModuleManager: Shutting down and abandoning module SceneDepthPickerMode (536)
[2018.01.17-18.16.06:498][741]LogModuleManager: Shutting down and abandoning module ActorPickerMode (534)
[2018.01.17-18.16.06:498][741]LogModuleManager: Shutting down and abandoning module GeometryMode (532)
[2018.01.17-18.16.06:498][741]LogModuleManager: Shutting down and abandoning module TextureAlignMode (530)
[2018.01.17-18.16.06:498][741]LogModuleManager: Shutting down and abandoning module BspMode (528)
[2018.01.17-18.16.06:498][741]LogModuleManager: Shutting down and abandoning module PIEPreviewDeviceProfileSelector (526)
[2018.01.17-18.16.06:498][741]LogModuleManager: Shutting down and abandoning module HardwareSurvey (524)
[2018.01.17-18.16.06:498][741]LogModuleManager: Shutting down and abandoning module SequenceRecorderSections (522)
[2018.01.17-18.16.06:498][741]LogModuleManager: Shutting down and abandoning module AutomationWorker (520)
[2018.01.17-18.16.06:498][741]LogModuleManager: Shutting down and abandoning module MatineeToLevelSequence (518)
[2018.01.17-18.16.06:498][741]LogModuleManager: Shutting down and abandoning module LevelSequenceEditor (516)
[2018.01.17-18.16.06:498][741]LogModuleManager: Shutting down and abandoning module PlacementMode (515)
[2018.01.17-18.16.06:498][741]LogModuleManager: Shutting down and abandoning module WmfMediaFactory (512)
[2018.01.17-18.16.06:498][741]LogModuleManager: Shutting down and abandoning module WmfMediaEditor (510)
[2018.01.17-18.16.06:498][741]LogModuleManager: Shutting down and abandoning module OpenExrWrapper (508)
[2018.01.17-18.16.06:498][741]LogModuleManager: Shutting down and abandoning module ImgMediaFactory (506)
[2018.01.17-18.16.06:498][741]LogModuleManager: Shutting down and abandoning module ImgMediaEditor (504)
[2018.01.17-18.16.06:499][741]LogModuleManager: Shutting down and abandoning module AvfMediaFactory (502)
[2018.01.17-18.16.06:499][741]LogModuleManager: Shutting down and abandoning module AvfMediaEditor (500)
[2018.01.17-18.16.06:499][741]LogModuleManager: Shutting down and abandoning module AndroidMediaFactory (498)
[2018.01.17-18.16.06:499][741]LogModuleManager: Shutting down and abandoning module AndroidMediaEditor (496)
[2018.01.17-18.16.06:499][741]LogModuleManager: Shutting down and abandoning module CharacterAI (494)
[2018.01.17-18.16.06:499][741]LogModuleManager: Shutting down and abandoning module AudioCapture (492)
[2018.01.17-18.16.06:499][741]LogModuleManager: Shutting down and abandoning module SequenceRecorder (491)
[2018.01.17-18.16.06:499][741]LogModuleManager: Shutting down and abandoning module SmartSnapping (488)
[2018.01.17-18.16.06:499][741]LogModuleManager: Shutting down and abandoning module SessionServices (486)
[2018.01.17-18.16.06:499][741]LogModuleManager: Shutting down and abandoning module ViewportSnapping (484)
[2018.01.17-18.16.06:499][741]LogModuleManager: Shutting down and abandoning module ViewportInteraction (482)
[2018.01.17-18.16.06:499][741]LogModuleManager: Shutting down and abandoning module ClothPainter (480)
[2018.01.17-18.16.06:499][741]LogModuleManager: Shutting down and abandoning module SkeletalMeshEditor (479)
[2018.01.17-18.16.06:499][741]LogModuleManager: Shutting down and abandoning module LogVisualizer (476)
[2018.01.17-18.16.06:499][741]LogModuleManager: Shutting down and abandoning module IntroTutorials (474)
[2018.01.17-18.16.06:499][741]LogModuleManager: Shutting down and abandoning module GameProjectGeneration (473)
[2018.01.17-18.16.06:499][741]LogModuleManager: Shutting down and abandoning module IOSPlatformEditor (470)
[2018.01.17-18.16.06:499][741]LogModuleManager: Shutting down and abandoning module HTML5PlatformEditor (468)
[2018.01.17-18.16.06:499][741]LogModuleManager: Shutting down and abandoning module AndroidPlatformEditor (466)
[2018.01.17-18.16.06:499][741]LogModuleManager: Shutting down and abandoning module AndroidDeviceDetection (465)
[2018.01.17-18.16.07:388][741]LogModuleManager: Shutting down and abandoning module WindowsPlatformEditor (462)
[2018.01.17-18.16.07:388][741]LogModuleManager: Shutting down and abandoning module IOSRuntimeSettings (460)
[2018.01.17-18.16.07:388][741]LogModuleManager: Shutting down and abandoning module AndroidRuntimeSettings (458)
[2018.01.17-18.16.07:388][741]LogModuleManager: Shutting down and abandoning module InputBindingEditor (456)
[2018.01.17-18.16.07:389][741]LogModuleManager: Shutting down and abandoning module MergeActors (454)
[2018.01.17-18.16.07:389][741]LogModuleManager: Shutting down and abandoning module SizeMap (452)
[2018.01.17-18.16.07:389][741]LogModuleManager: Shutting down and abandoning module TreeMap (450)
[2018.01.17-18.16.07:389][741]LogModuleManager: Shutting down and abandoning module ReferenceViewer (448)
[2018.01.17-18.16.07:389][741]LogModuleManager: Shutting down and abandoning module LocalizationDashboard (446)
[2018.01.17-18.16.07:389][741]LogModuleManager: Shutting down and abandoning module LocalizationService (445)
[2018.01.17-18.16.07:389][741]LogModuleManager: Shutting down and abandoning module HardwareTargeting (442)
[2018.01.17-18.16.07:389][741]LogModuleManager: Shutting down and abandoning module DeviceProfileEditor (440)
[2018.01.17-18.16.07:389][741]LogModuleManager: Shutting down and abandoning module UndoHistory (438)
[2018.01.17-18.16.07:389][741]LogModuleManager: Shutting down and abandoning module XmlParser (436)
[2018.01.17-18.16.07:389][741]LogModuleManager: Shutting down and abandoning module Blutility (434)
[2018.01.17-18.16.07:389][741]LogModuleManager: Shutting down and abandoning module ProjectSettingsViewer (432)
[2018.01.17-18.16.07:389][741]LogModuleManager: Shutting down and abandoning module ProjectTargetPlatformEditor (431)
[2018.01.17-18.16.07:389][741]LogModuleManager: Shutting down and abandoning module EditorSettingsViewer (428)
[2018.01.17-18.16.07:389][741]LogModuleManager: Shutting down and abandoning module SettingsEditor (426)
[2018.01.17-18.16.07:389][741]LogModuleManager: Shutting down and abandoning module ProjectLauncher (424)
[2018.01.17-18.16.07:389][741]LogModuleManager: Shutting down and abandoning module SessionFrontend (422)
[2018.01.17-18.16.07:389][741]LogModuleManager: Shutting down and abandoning module ProfilerClient (420)
[2018.01.17-18.16.07:389][741]LogModuleManager: Shutting down and abandoning module DeviceManager (418)
[2018.01.17-18.16.07:389][741]LogModuleManager: Shutting down and abandoning module TargetDeviceServices (417)
[2018.01.17-18.16.07:440][741]LogModuleManager: Shutting down and abandoning module AutomationController (414)
[2018.01.17-18.16.07:440][741]LogModuleManager: Shutting down and abandoning module AutomationWindow (412)
[2018.01.17-18.16.07:440][741]LogModuleManager: Shutting down and abandoning module Layers (410)
[2018.01.17-18.16.07:440][741]LogModuleManager: Shutting down and abandoning module ComponentVisualizers (408)
[2018.01.17-18.16.07:440][741]LogModuleManager: Shutting down and abandoning module DetailCustomizations (406)
[2018.01.17-18.16.07:440][741]LogModuleManager: Shutting down and abandoning module PackagesDialog (404)
[2018.01.17-18.16.07:440][741]LogModuleManager: Shutting down and abandoning module Persona (402)
[2018.01.17-18.16.07:440][741]LogModuleManager: Shutting down and abandoning module AdvancedPreviewScene (401)
[2018.01.17-18.16.07:440][741]LogModuleManager: Shutting down and abandoning module AnimGraph (399)
[2018.01.17-18.16.07:440][741]LogModuleManager: Shutting down and abandoning module Kismet (396)
[2018.01.17-18.16.07:441][741]LogModuleManager: Shutting down and abandoning module ClassViewer (394)
[2018.01.17-18.16.07:441][741]LogModuleManager: Shutting down and abandoning module Toolbox (392)
[2018.01.17-18.16.07:441][741]LogModuleManager: Shutting down and abandoning module ModuleUI (390)
[2018.01.17-18.16.07:441][741]LogModuleManager: Shutting down and abandoning module MovieSceneTools (388)
[2018.01.17-18.16.07:441][741]LogModuleManager: Shutting down and abandoning module OutputLog (386)
[2018.01.17-18.16.07:441][741]LogModuleManager: Shutting down and abandoning module GammaUI (384)
[2018.01.17-18.16.07:441][741]LogModuleManager: Shutting down and abandoning module Documentation (382)
[2018.01.17-18.16.07:441][741]LogModuleManager: Shutting down and abandoning module MovieSceneTracks (380)
[2018.01.17-18.16.07:441][741]LogModuleManager: Shutting down and abandoning module MovieScene (378)
[2018.01.17-18.16.07:441][741]LogModuleManager: Shutting down and abandoning module StreamingPauseRendering (376)
[2018.01.17-18.16.07:441][741]LogModuleManager: Shutting down and abandoning module LauncherPlatform (374)
[2018.01.17-18.16.07:441][741]LogModuleManager: Shutting down and abandoning module AnalyticsET (372)
[2018.01.17-18.16.07:441][741]LogModuleManager: Shutting down and abandoning module PortalServices (370)
[2018.01.17-18.16.07:441][741]LogModuleManager: Shutting down and abandoning module PortalRpc (368)
[2018.01.17-18.16.07:441][741]LogModuleManager: Shutting down and abandoning module MessagingRpc (366)
[2018.01.17-18.16.07:441][741]LogModuleManager: Shutting down and abandoning module AIModule (364)
[2018.01.17-18.16.07:441][741]LogModuleManager: Shutting down and abandoning module GameplayDebugger (363)
[2018.01.17-18.16.07:441][741]LogModuleManager: Shutting down and abandoning module AITestSuite (361)
[2018.01.17-18.16.07:441][741]LogModuleManager: Shutting down and abandoning module DesktopPlatform (358)
[2018.01.17-18.16.07:441][741]LogModuleManager: Shutting down and abandoning module ProfilerService (356)
[2018.01.17-18.16.07:655][741]LogModuleManager: Shutting down and abandoning module TaskGraph (354)
[2018.01.17-18.16.07:656][741]LogModuleManager: Shutting down and abandoning module SteamVRController (352)
[2018.01.17-18.16.07:656][741]LogModuleManager: Shutting down and abandoning module ProceduralMeshComponentEditor (350)
[2018.01.17-18.16.07:656][741]LogModuleManager: Shutting down and abandoning module ProceduralMeshComponent (348)
[2018.01.17-18.16.07:656][741]LogModuleManager: Shutting down and abandoning module OculusInput (346)
[2018.01.17-18.16.07:656][741]LogModuleManager: Shutting down and abandoning module MobilePatchingUtils (344)
[2018.01.17-18.16.07:656][741]LogModuleManager: Shutting down and abandoning module CustomMeshComponent (342)
[2018.01.17-18.16.07:656][741]LogModuleManager: Shutting down and abandoning module CableComponent (340)
[2018.01.17-18.16.07:656][741]LogModuleManager: Shutting down and abandoning module ArchVisCharacter (338)
[2018.01.17-18.16.07:656][741]LogModuleManager: Shutting down and abandoning module AndroidPermission (336)
[2018.01.17-18.16.07:656][741]LogModuleManager: Shutting down and abandoning module ActorSequence (332)
[2018.01.17-18.16.07:656][741]LogModuleManager: Shutting down and abandoning module MediaPlayerEditor (330)
[2018.01.17-18.16.07:656][741]LogModuleManager: Shutting down and abandoning module MediaCompositingEditor (328)
[2018.01.17-18.16.07:656][741]LogModuleManager: Shutting down and abandoning module MediaCompositing (326)
[2018.01.17-18.16.07:656][741]LogModuleManager: Shutting down and abandoning module SimpleHMD (324)
[2018.01.17-18.16.07:656][741]LogModuleManager: Shutting down and abandoning module HTML5Networking (322)
[2018.01.17-18.16.07:656][741]LogModuleManager: Shutting down and abandoning module AlembicImporter (320)
[2018.01.17-18.16.07:656][741]LogModuleManager: Shutting down and abandoning module AlembicLibrary (319)
[2018.01.17-18.16.07:656][741]LogModuleManager: Shutting down and abandoning module GeometryCache (318)
[2018.01.17-18.16.07:656][741]LogModuleManager: Shutting down and abandoning module GeometryCacheEd (317)
[2018.01.17-18.16.07:656][741]LogModuleManager: Shutting down and abandoning module SpeedTreeImporter (312)
[2018.01.17-18.16.07:656][741]LogModuleManager: Shutting down and abandoning module PluginBrowser (310)
[2018.01.17-18.16.07:656][741]LogModuleManager: Shutting down and abandoning module MobileLauncherProfileWizard (308)
[2018.01.17-18.16.07:656][741]LogModuleManager: Shutting down and abandoning module VisualStudioSourceCodeAccess (306)
[2018.01.17-18.16.07:657][741]LogModuleManager: Shutting down and abandoning module VisualStudioCodeSourceCodeAccess (304)
[2018.01.17-18.16.07:657][741]LogModuleManager: Shutting down and abandoning module UObjectPlugin (302)
[2018.01.17-18.16.07:657][741]LogModuleManager: Shutting down and abandoning module SubversionSourceControl (300)
[2018.01.17-18.16.07:657][741]LogModuleManager: Shutting down and abandoning module PerforceSourceControl (298)
[2018.01.17-18.16.07:657][741]LogModuleManager: Shutting down and abandoning module GitSourceControl (296)
[2018.01.17-18.16.07:657][741]LogModuleManager: Shutting down and abandoning module SourceControl (295)
[2018.01.17-18.16.07:657][741]LogModuleManager: Shutting down and abandoning module LightPropagationVolumeEditor (292)
[2018.01.17-18.16.07:657][741]LogModuleManager: Shutting down and abandoning module PaperTiledImporter (290)
[2018.01.17-18.16.07:657][741]LogModuleManager: Shutting down and abandoning module PaperSpriteSheetImporter (288)
[2018.01.17-18.16.07:657][741]LogModuleManager: Shutting down and abandoning module Paper2DEditor (286)
[2018.01.17-18.16.07:658][741]LogModuleManager: Shutting down and abandoning module MeshPaint (285)
[2018.01.17-18.16.07:658][741]LogModuleManager: Shutting down and abandoning module LevelEditor (283)
[2018.01.17-18.16.07:659][741]LogModuleManager: Shutting down and abandoning module PixelInspectorModule (282)
[2018.01.17-18.16.07:659][741]LogModuleManager: Shutting down and abandoning module MainFrame (280)
[2018.01.17-18.16.07:659][741]LogModuleManager: Shutting down and abandoning module HotReload (279)
[2018.01.17-18.16.07:660][741]LogModuleManager: Shutting down and abandoning module RuntimePhysXCooking (274)
[2018.01.17-18.16.07:660][741]LogModuleManager: Shutting down and abandoning module PhysXVehiclesEditor (272)
[2018.01.17-18.16.07:660][741]LogModuleManager: Shutting down and abandoning module PhysXVehicles (270)
[2018.01.17-18.16.07:660][741]LogModuleManager: Shutting down and abandoning module OculusEditor (268)
[2018.01.17-18.16.07:660][741]LogModuleManager: Shutting down and abandoning module LocationServicesBPLibrary (266)
[2018.01.17-18.16.07:660][741]LogModuleManager: Shutting down and abandoning module ImmediatePhysicsEditor (264)
[2018.01.17-18.16.07:660][741]LogModuleManager: Shutting down and abandoning module ImmediatePhysics (262)
[2018.01.17-18.16.07:660][741]LogModuleManager: Shutting down and abandoning module UdpMessaging (260)
[2018.01.17-18.16.07:760][741]LogModuleManager: Shutting down and abandoning module TcpMessaging (258)
[2018.01.17-18.16.07:860][741]LogModuleManager: Shutting down and abandoning module OSVRInput (256)
[2018.01.17-18.16.07:860][741]LogModuleManager: Shutting down and abandoning module OSVR (254)
[2018.01.17-18.16.07:860][741]LogModuleManager: Shutting down and abandoning module GameplayTagsEditor (252)
[2018.01.17-18.16.07:860][741]LogModuleManager: Shutting down and abandoning module FacialAnimationEditor (250)
[2018.01.17-18.16.07:860][741]LogModuleManager: Shutting down and abandoning module FacialAnimation (248)
[2018.01.17-18.16.07:860][741]LogModuleManager: Shutting down and abandoning module AssetManagerEditor (246)
[2018.01.17-18.16.07:860][741]LogModuleManager: Shutting down and abandoning module GraphEditor (245)
[2018.01.17-18.16.07:860][741]LogModuleManager: Shutting down and abandoning module ContentBrowser (243)
[2018.01.17-18.16.07:862][741]LogModuleManager: Shutting down and abandoning module LightPropagationVolumeRuntime (240)
[2018.01.17-18.16.07:862][741]LogModuleManager: Shutting down and abandoning module Paper2D (238)
[2018.01.17-18.16.07:862][741]LogModuleManager: Shutting down and abandoning module WindowsMoviePlayer (236)
[2018.01.17-18.16.07:862][741]LogModuleManager: Shutting down and abandoning module WmfMedia (234)
[2018.01.17-18.16.07:863][741]LogModuleManager: Shutting down and abandoning module ImgMedia (232)
[2018.01.17-18.16.07:863][741]LogModuleManager: Shutting down and abandoning module PacketHandler (230)
[2018.01.17-18.16.07:863][741]LogModuleManager: Shutting down and abandoning module ClothingSystemEditor (228)
[2018.01.17-18.16.07:863][741]LogModuleManager: Shutting down and abandoning module ClothingSystemRuntime (226)
[2018.01.17-18.16.07:864][741]LogModuleManager: Shutting down and abandoning module MediaAssets (224)
[2018.01.17-18.16.07:864][741]LogModuleManager: Shutting down and abandoning module Media (223)
[2018.01.17-18.16.07:869][741]LogModuleManager: Shutting down and abandoning module Overlay (220)
[2018.01.17-18.16.07:869][741]LogModuleManager: Shutting down and abandoning module OverlayEditor (219)
[2018.01.17-18.16.07:869][741]LogModuleManager: Shutting down and abandoning module VREditor (216)
[2018.01.17-18.16.07:869][741]LogModuleManager: Shutting down and abandoning module StringTableEditor (214)
[2018.01.17-18.16.07:869][741]LogModuleManager: Shutting down and abandoning module GameplayTasksEditor (212)
[2018.01.17-18.16.07:869][741]LogModuleManager: Shutting down and abandoning module BehaviorTreeEditor (210)
[2018.01.17-18.16.07:869][741]LogModuleManager: Shutting down and abandoning module FunctionalTesting (208)
[2018.01.17-18.16.07:869][741]LogModuleManager: Shutting down and abandoning module CollisionAnalyzer (206)
[2018.01.17-18.16.07:870][741]LogModuleManager: Shutting down and abandoning module WorkspaceMenuStructure (205)
[2018.01.17-18.16.07:870][741]LogModuleManager: Shutting down and abandoning module UMG (202)
[2018.01.17-18.16.07:870][741]LogModuleManager: Shutting down and abandoning module UMGEditor (201)
[2018.01.17-18.16.07:870][741]LogModuleManager: Shutting down and abandoning module Sequencer (200)
[2018.01.17-18.16.07:870][741]LogModuleManager: Shutting down and abandoning module MessageLog (197)
[2018.01.17-18.16.07:870][741]LogModuleManager: Shutting down and abandoning module SlateReflector (192)
[2018.01.17-18.16.07:870][741]LogModuleManager: Shutting down and abandoning module Slate (190)
[2018.01.17-18.16.07:870][741]LogModuleManager: Shutting down and abandoning module EditorStyle (188)
[2018.01.17-18.16.07:873][741]LogModuleManager: Shutting down and abandoning module MRMesh (186)
[2018.01.17-18.16.07:873][741]LogModuleManager: Shutting down and abandoning module SourceCodeAccess (184)
[2018.01.17-18.16.07:874][741]LogModuleManager: Shutting down and abandoning module HeadMountedDisplay (182)
[2018.01.17-18.16.07:874][741]LogModuleManager: Shutting down and abandoning module XAudio2 (180)
[2018.01.17-18.16.07:874][741]LogModuleManager: Shutting down and abandoning module Networking (178)
[2018.01.17-18.16.07:874][741]LogModuleManager: Shutting down and abandoning module Core (174)
[2018.01.17-18.16.07:874][741]LogModuleManager: Shutting down and abandoning module LevelSequence (170)
[2018.01.17-18.16.07:874][741]LogModuleManager: Shutting down and abandoning module DirectoryWatcher (168)
[2018.01.17-18.16.07:876][741]LogModuleManager: Shutting down and abandoning module KismetCompiler (166)
[2018.01.17-18.16.07:876][741]LogModuleManager: Shutting down and abandoning module MeshUtilities (164)
[2018.01.17-18.16.07:876][741]LogModuleManager: Shutting down and abandoning module MeshMergeUtilities (163)
[2018.01.17-18.16.07:876][741]LogModuleManager: Shutting down and abandoning module MeshReductionInterface (162)
[2018.01.17-18.16.07:876][741]LogModuleManager: Shutting down and abandoning module SimplygonSwarm (161)
[2018.01.17-18.16.07:876][741]LogModuleManager: Shutting down and abandoning module SimplygonMeshReduction (159)
[2018.01.17-18.16.07:876][741]LogModuleManager: Shutting down and abandoning module QuadricMeshReduction (157)
[2018.01.17-18.16.07:876][741]LogModuleManager: Shutting down and abandoning module MaterialBaking (153)
[2018.01.17-18.16.07:876][741]LogModuleManager: Shutting down and abandoning module DerivedDataCache (150)
[2018.01.17-18.16.07:944][741]LogDerivedDataCache: Shutdown
[2018.01.17-18.16.07:944][741]LogModuleManager: Shutting down and abandoning module TargetPlatform (148)
[2018.01.17-18.16.07:944][741]LogModuleManager: Shutting down and abandoning module VulkanShaderFormat (147)
[2018.01.17-18.16.07:944][741]LogModuleManager: Shutting down and abandoning module ShaderFormatVectorVM (145)
[2018.01.17-18.16.07:944][741]LogModuleManager: Shutting down and abandoning module ShaderFormatOpenGL (143)
[2018.01.17-18.16.07:944][741]LogModuleManager: Shutting down and abandoning module ShaderFormatD3D (141)
[2018.01.17-18.16.07:944][741]LogModuleManager: Shutting down and abandoning module MetalShaderFormat (139)
[2018.01.17-18.16.07:944][741]LogModuleManager: Shutting down and abandoning module TextureFormatUncompressed (137)
[2018.01.17-18.16.07:944][741]LogModuleManager: Shutting down and abandoning module TextureFormatPVR (135)
[2018.01.17-18.16.07:944][741]LogModuleManager: Shutting down and abandoning module TextureFormatDXT (133)
[2018.01.17-18.16.07:944][741]LogModuleManager: Shutting down and abandoning module TextureFormatIntelISPCTexComp (131)
[2018.01.17-18.16.07:945][741]LogModuleManager: Shutting down and abandoning module TextureFormatASTC (129)
[2018.01.17-18.16.07:945][741]LogModuleManager: Shutting down and abandoning module ImageWrapper (128)
[2018.01.17-18.16.07:945][741]LogModuleManager: Shutting down and abandoning module TextureFormatAndroid (125)
[2018.01.17-18.16.07:945][741]LogModuleManager: Shutting down and abandoning module AudioFormatOpus (123)
[2018.01.17-18.16.07:945][741]LogModuleManager: Shutting down and abandoning module AudioFormatOgg (121)
[2018.01.17-18.16.07:945][741]LogModuleManager: Shutting down and abandoning module AudioFormatADPCM (119)
[2018.01.17-18.16.07:945][741]LogModuleManager: Shutting down and abandoning module LinuxTargetPlatform (117)
[2018.01.17-18.16.07:945][741]LogModuleManager: Shutting down and abandoning module LinuxServerTargetPlatform (115)
[2018.01.17-18.16.07:945][741]LogModuleManager: Shutting down and abandoning module LinuxNoEditorTargetPlatform (113)
[2018.01.17-18.16.07:945][741]LogModuleManager: Shutting down and abandoning module LinuxClientTargetPlatform (111)
[2018.01.17-18.16.07:945][741]LogModuleManager: Shutting down and abandoning module TVOSTargetPlatform (109)
[2018.01.17-18.16.07:945][741]LogModuleManager: Shutting down and abandoning module Messaging (107)
[2018.01.17-18.16.07:945][741]LogModuleManager: Shutting down and abandoning module IOSTargetPlatform (105)
[2018.01.17-18.16.07:945][741]LogModuleManager: Shutting down and abandoning module HTML5TargetPlatform (103)
[2018.01.17-18.16.07:945][741]LogModuleManager: Shutting down and abandoning module AndroidTargetPlatform (101)
[2018.01.17-18.16.07:945][741]LogModuleManager: Shutting down and abandoning module Android_PVRTCTargetPlatform (99)
[2018.01.17-18.16.07:945][741]LogModuleManager: Shutting down and abandoning module Android_MultiTargetPlatform (97)
[2018.01.17-18.16.07:945][741]LogModuleManager: Shutting down and abandoning module Android_ETC2TargetPlatform (95)
[2018.01.17-18.16.07:945][741]LogModuleManager: Shutting down and abandoning module Android_ETC1TargetPlatform (93)
[2018.01.17-18.16.07:945][741]LogModuleManager: Shutting down and abandoning module Android_DXTTargetPlatform (91)
[2018.01.17-18.16.07:945][741]LogModuleManager: Shutting down and abandoning module Android_ATCTargetPlatform (89)
[2018.01.17-18.16.07:945][741]LogModuleManager: Shutting down and abandoning module Android_ASTCTargetPlatform (87)
[2018.01.17-18.16.07:945][741]LogModuleManager: Shutting down and abandoning module WindowsTargetPlatform (85)
[2018.01.17-18.16.07:945][741]LogModuleManager: Shutting down and abandoning module WindowsServerTargetPlatform (83)
[2018.01.17-18.16.07:945][741]LogModuleManager: Shutting down and abandoning module WindowsNoEditorTargetPlatform (81)
[2018.01.17-18.16.07:946][741]LogModuleManager: Shutting down and abandoning module WindowsClientTargetPlatform (79)
[2018.01.17-18.16.07:946][741]LogModuleManager: Shutting down and abandoning module MacTargetPlatform (77)
[2018.01.17-18.16.07:946][741]LogModuleManager: Shutting down and abandoning module MacServerTargetPlatform (75)
[2018.01.17-18.16.07:946][741]LogModuleManager: Shutting down and abandoning module MacNoEditorTargetPlatform (73)
[2018.01.17-18.16.07:946][741]LogModuleManager: Shutting down and abandoning module MacClientTargetPlatform (71)
[2018.01.17-18.16.07:946][741]LogModuleManager: Shutting down and abandoning module AllDesktopTargetPlatform (69)
[2018.01.17-18.16.07:946][741]LogModuleManager: Shutting down and abandoning module InputCore (66)
[2018.01.17-18.16.07:946][741]LogModuleManager: Shutting down and abandoning module Settings (64)
[2018.01.17-18.16.07:946][741]LogModuleManager: Shutting down and abandoning module PhysXCooking (62)
[2018.01.17-18.16.07:946][741]LogModuleManager: Shutting down and abandoning module SteamVR (60)
[2018.01.17-18.16.07:946][741]LogModuleManager: Shutting down and abandoning module OculusHMD (58)
[2018.01.17-18.16.07:946][741]LogModuleManager: Shutting down and abandoning module GoogleVRHMD (56)
[2018.01.17-18.16.07:946][741]LogModuleManager: Shutting down and abandoning module ExampleDeviceProfileSelector (54)
[2018.01.17-18.16.07:946][741]LogModuleManager: Shutting down and abandoning module AppleARKit (52)
[2018.01.17-18.16.07:946][741]LogModuleManager: Shutting down and abandoning module AugmentedReality (51)
[2018.01.17-18.16.07:946][741]LogModuleManager: Shutting down and abandoning module OnlineBlueprintSupport (48)
[2018.01.17-18.16.07:946][741]LogModuleManager: Shutting down and abandoning module OnlineSubsystem (44)
[2018.01.17-18.16.07:946][741]LogModuleManager: Shutting down and abandoning module XMPP (43)
[2018.01.17-18.16.07:946][741]LogModuleManager: Shutting down and abandoning module HTTP (41)
[2018.01.17-18.16.07:946][741]LogHttp: Display: Http module shutting down, but needs to wait on 1 outstanding Http requests:
[2018.01.17-18.16.07:946][741]LogHttp: Display: 	verb=[POST] url=[https://datarouter.ol.epicgames.com/datarouter/api/v1/public/data?SessionID=%7BDB9E2D00-480D-6504-EAFF-E1BCD46BDAB6%7D&AppID=UEEditor.Rocket.Release&AppVersion=4.18.2-3794801%2B%2B%2BUE4%2BRelease-4.18&UserID=7e2e2b434b419c6ea97e74acb9669291%7C1d578479c2564d5485a1ab8e489c3004%7C3af0f1fb-08df-496c-b3f7-6fa3244825f8&AppEnvironment=datacollector-binary&UploadType=eteventstream] status=Processing
[2018.01.17-18.16.07:978][741]LogModuleManager: Shutting down and abandoning module SSL (40)
[2018.01.17-18.16.07:987][741]LogModuleManager: Shutting down and abandoning module AnimationModifiers (36)
[2018.01.17-18.16.07:987][741]LogModuleManager: Shutting down and abandoning module PropertyEditor (35)
[2018.01.17-18.16.07:988][741]LogModuleManager: Shutting down and abandoning module AudioEditor (32)
[2018.01.17-18.16.07:994][741]LogModuleManager: Shutting down and abandoning module TextureCompressor (30)
[2018.01.17-18.16.07:995][741]LogModuleManager: Shutting down and abandoning module ShaderCore (28)
[2018.01.17-18.16.07:995][741]LogModuleManager: Shutting down and abandoning module Landscape (26)
[2018.01.17-18.16.07:995][741]LogModuleManager: Shutting down and abandoning module SlateRHIRenderer (24)
[2018.01.17-18.16.08:006][741]LogModuleManager: Shutting down and abandoning module OpenGLDrv (22)
[2018.01.17-18.16.08:006][741]LogModuleManager: Shutting down and abandoning module D3D11RHI (20)
[2018.01.17-18.16.08:006][741]LogModuleManager: Shutting down and abandoning module AnimGraphRuntime (18)
[2018.01.17-18.16.08:007][741]LogModuleManager: Shutting down and abandoning module Renderer (16)
[2018.01.17-18.16.08:008][741]LogModuleManager: Shutting down and abandoning module Engine (14)
[2018.01.17-18.16.08:008][741]LogModuleManager: Shutting down and abandoning module CoreUObject (12)
[2018.01.17-18.16.08:008][741]LogModuleManager: Shutting down and abandoning module NetworkFile (10)
[2018.01.17-18.16.08:008][741]LogModuleManager: Shutting down and abandoning module CookedIterativeFile (8)
[2018.01.17-18.16.08:008][741]LogModuleManager: Shutting down and abandoning module StreamingFile (6)
[2018.01.17-18.16.08:010][741]LogModuleManager: Shutting down and abandoning module SandboxFile (4)
[2018.01.17-18.16.08:011][741]LogModuleManager: Shutting down and abandoning module PakFile (2)
[2018.01.17-18.16.08:059][741]LogExit: Exiting.
[2018.01.17-18.16.08:080][741]Log file closed, 01/17/18 13:16:08
